[1.737s] Invoking command in '/home/dduboi/ros_ws/src/robot_arm': DEBUGINFOD_URLS=https://debuginfod.ubuntu.com PYTHONPATH=/home/dduboi/ros_ws/build/robot_arm/prefix_override:/usr/lib/python3/dist-packages/colcon_core/task/python/colcon_distutils_commands:/home/dduboi/ros_ws/install/robot_arm/lib/python3.12/site-packages:${PYTHONPATH} VIRTUAL_ENV_PROMPT=(venv) /usr/bin/python3 -W ignore:setup.py install is deprecated -W ignore:easy_install command is deprecated setup.py egg_info --egg-base ../../build/robot_arm build --build-base /home/dduboi/ros_ws/build/robot_arm/build install --record /home/dduboi/ros_ws/build/robot_arm/install.log --single-version-externally-managed install_data
[2.334s] running egg_info
[2.368s] writing ../../build/robot_arm/robot_arm.egg-info/PKG-INFO
[2.368s] writing dependency_links to ../../build/robot_arm/robot_arm.egg-info/dependency_links.txt
[2.368s] writing entry points to ../../build/robot_arm/robot_arm.egg-info/entry_points.txt
[2.368s] writing requirements to ../../build/robot_arm/robot_arm.egg-info/requires.txt
[2.368s] writing top-level names to ../../build/robot_arm/robot_arm.egg-info/top_level.txt
[2.439s] reading manifest file '../../build/robot_arm/robot_arm.egg-info/SOURCES.txt'
[2.439s] writing manifest file '../../build/robot_arm/robot_arm.egg-info/SOURCES.txt'
[2.440s] running build
[2.443s] running build_py
[2.443s] running install
[2.454s] running install_lib
[2.482s] running install_data
[2.482s] running install_egg_info
[2.505s] removing '/home/dduboi/ros_ws/install/robot_arm/lib/python3.12/site-packages/robot_arm-0.0.0-py3.12.egg-info' (and everything under it)
[2.508s] Copying ../../build/robot_arm/robot_arm.egg-info to /home/dduboi/ros_ws/install/robot_arm/lib/python3.12/site-packages/robot_arm-0.0.0-py3.12.egg-info
[2.508s] running install_scripts
[2.678s] Installing robot_node script to /home/dduboi/ros_ws/install/robot_arm/lib/robot_arm
[2.679s] writing list of installed files to '/home/dduboi/ros_ws/build/robot_arm/install.log'
[3.209s] Invoked command in '/home/dduboi/ros_ws/src/robot_arm' returned '0': DEBUGINFOD_URLS=https://debuginfod.ubuntu.com PYTHONPATH=/home/dduboi/ros_ws/build/robot_arm/prefix_override:/usr/lib/python3/dist-packages/colcon_core/task/python/colcon_distutils_commands:/home/dduboi/ros_ws/install/robot_arm/lib/python3.12/site-packages:${PYTHONPATH} VIRTUAL_ENV_PROMPT=(venv) /usr/bin/python3 -W ignore:setup.py install is deprecated -W ignore:easy_install command is deprecated setup.py egg_info --egg-base ../../build/robot_arm build --build-base /home/dduboi/ros_ws/build/robot_arm/build install --record /home/dduboi/ros_ws/build/robot_arm/install.log --single-version-externally-managed install_data
