[1.505s] Invoking command in '/home/dduboi/ros_ws/src/xarm_sdk': DEBUGINFOD_URLS=https://debuginfod.ubuntu.com PYTHONPATH=/home/dduboi/ros_ws/build/xarm-python-sdk/prefix_override:/usr/lib/python3/dist-packages/colcon_core/task/python/colcon_distutils_commands:/home/dduboi/ros_ws/install/xarm-python-sdk/lib/python3.12/site-packages:${PYTHONPATH} VIRTUAL_ENV_PROMPT=(venv) /usr/bin/python3 -W ignore:setup.py install is deprecated -W ignore:easy_install command is deprecated setup.py egg_info --egg-base ../../build/xarm-python-sdk build --build-base /home/dduboi/ros_ws/build/xarm-python-sdk/build install --record /home/dduboi/ros_ws/build/xarm-python-sdk/install.log --single-version-externally-managed
[2.032s] running egg_info
[2.032s] creating ../../build/xarm-python-sdk/xarm_python_sdk.egg-info
[2.054s] writing ../../build/xarm-python-sdk/xarm_python_sdk.egg-info/PKG-INFO
[2.054s] writing dependency_links to ../../build/xarm-python-sdk/xarm_python_sdk.egg-info/dependency_links.txt
[2.054s] writing top-level names to ../../build/xarm-python-sdk/xarm_python_sdk.egg-info/top_level.txt
[2.054s] writing manifest file '../../build/xarm-python-sdk/xarm_python_sdk.egg-info/SOURCES.txt'
[2.102s] reading manifest file '../../build/xarm-python-sdk/xarm_python_sdk.egg-info/SOURCES.txt'
[2.103s] adding license file 'LICENSE'
[2.103s] writing manifest file '../../build/xarm-python-sdk/xarm_python_sdk.egg-info/SOURCES.txt'
[2.103s] running build
[2.104s] running build_py
[2.104s] creating /home/dduboi/ros_ws/build/xarm-python-sdk/build
[2.104s] creating /home/dduboi/ros_ws/build/xarm-python-sdk/build/lib
[2.104s] creating /home/dduboi/ros_ws/build/xarm-python-sdk/build/lib/xarm
[2.104s] copying xarm/build_backend.py -> /home/dduboi/ros_ws/build/xarm-python-sdk/build/lib/xarm
[2.104s] copying xarm/version.py -> /home/dduboi/ros_ws/build/xarm-python-sdk/build/lib/xarm
[2.104s] copying xarm/__init__.py -> /home/dduboi/ros_ws/build/xarm-python-sdk/build/lib/xarm
[2.104s] creating /home/dduboi/ros_ws/build/xarm-python-sdk/build/lib/xarm/core
[2.105s] copying xarm/core/version.py -> /home/dduboi/ros_ws/build/xarm-python-sdk/build/lib/xarm/core
[2.105s] copying xarm/core/__init__.py -> /home/dduboi/ros_ws/build/xarm-python-sdk/build/lib/xarm/core
[2.105s] creating /home/dduboi/ros_ws/build/xarm-python-sdk/build/lib/xarm/tools
[2.105s] copying xarm/tools/gcode.py -> /home/dduboi/ros_ws/build/xarm-python-sdk/build/lib/xarm/tools
[2.105s] copying xarm/tools/modbus_tcp.py -> /home/dduboi/ros_ws/build/xarm-python-sdk/build/lib/xarm/tools
[2.106s] copying xarm/tools/threads.py -> /home/dduboi/ros_ws/build/xarm-python-sdk/build/lib/xarm/tools
[2.106s] copying xarm/tools/list_ports.py -> /home/dduboi/ros_ws/build/xarm-python-sdk/build/lib/xarm/tools
[2.106s] copying xarm/tools/utils.py -> /home/dduboi/ros_ws/build/xarm-python-sdk/build/lib/xarm/tools
[2.106s] copying xarm/tools/blockly_tool.py -> /home/dduboi/ros_ws/build/xarm-python-sdk/build/lib/xarm/tools
[2.107s] copying xarm/tools/__init__.py -> /home/dduboi/ros_ws/build/xarm-python-sdk/build/lib/xarm/tools
[2.107s] creating /home/dduboi/ros_ws/build/xarm-python-sdk/build/lib/xarm/x3
[2.107s] copying xarm/x3/track.py -> /home/dduboi/ros_ws/build/xarm-python-sdk/build/lib/xarm/x3
[2.107s] copying xarm/x3/xarm.py -> /home/dduboi/ros_ws/build/xarm-python-sdk/build/lib/xarm/x3
[2.107s] copying xarm/x3/ft_sensor.py -> /home/dduboi/ros_ws/build/xarm-python-sdk/build/lib/xarm/x3
[2.108s] copying xarm/x3/servo.py -> /home/dduboi/ros_ws/build/xarm-python-sdk/build/lib/xarm/x3
[2.108s] copying xarm/x3/studio.py -> /home/dduboi/ros_ws/build/xarm-python-sdk/build/lib/xarm/x3
[2.108s] copying xarm/x3/modbus_tcp.py -> /home/dduboi/ros_ws/build/xarm-python-sdk/build/lib/xarm/x3
[2.108s] copying xarm/x3/base_board.py -> /home/dduboi/ros_ws/build/xarm-python-sdk/build/lib/xarm/x3
[2.108s] copying xarm/x3/base.py -> /home/dduboi/ros_ws/build/xarm-python-sdk/build/lib/xarm/x3
[2.108s] copying xarm/x3/code.py -> /home/dduboi/ros_ws/build/xarm-python-sdk/build/lib/xarm/x3
[2.109s] copying xarm/x3/events.py -> /home/dduboi/ros_ws/build/xarm-python-sdk/build/lib/xarm/x3
[2.109s] copying xarm/x3/grammar_async.py -> /home/dduboi/ros_ws/build/xarm-python-sdk/build/lib/xarm/x3
[2.109s] copying xarm/x3/gpio.py -> /home/dduboi/ros_ws/build/xarm-python-sdk/build/lib/xarm/x3
[2.109s] copying xarm/x3/grammar_coroutine.py -> /home/dduboi/ros_ws/build/xarm-python-sdk/build/lib/xarm/x3
[2.109s] copying xarm/x3/utils.py -> /home/dduboi/ros_ws/build/xarm-python-sdk/build/lib/xarm/x3
[2.109s] copying xarm/x3/decorator.py -> /home/dduboi/ros_ws/build/xarm-python-sdk/build/lib/xarm/x3
[2.109s] copying xarm/x3/parse.py -> /home/dduboi/ros_ws/build/xarm-python-sdk/build/lib/xarm/x3
[2.110s] copying xarm/x3/robotiq.py -> /home/dduboi/ros_ws/build/xarm-python-sdk/build/lib/xarm/x3
[2.110s] copying xarm/x3/gripper.py -> /home/dduboi/ros_ws/build/xarm-python-sdk/build/lib/xarm/x3
[2.110s] copying xarm/x3/__init__.py -> /home/dduboi/ros_ws/build/xarm-python-sdk/build/lib/xarm/x3
[2.110s] copying xarm/x3/record.py -> /home/dduboi/ros_ws/build/xarm-python-sdk/build/lib/xarm/x3
[2.110s] copying xarm/x3/report.py -> /home/dduboi/ros_ws/build/xarm-python-sdk/build/lib/xarm/x3
[2.110s] creating /home/dduboi/ros_ws/build/xarm-python-sdk/build/lib/xarm/wrapper
[2.111s] copying xarm/wrapper/studio_api.py -> /home/dduboi/ros_ws/build/xarm-python-sdk/build/lib/xarm/wrapper
[2.111s] copying xarm/wrapper/xarm_api.py -> /home/dduboi/ros_ws/build/xarm-python-sdk/build/lib/xarm/wrapper
[2.111s] copying xarm/wrapper/__init__.py -> /home/dduboi/ros_ws/build/xarm-python-sdk/build/lib/xarm/wrapper
[2.111s] creating /home/dduboi/ros_ws/build/xarm-python-sdk/build/lib/xarm/core/config
[2.111s] copying xarm/core/config/x_code.py -> /home/dduboi/ros_ws/build/xarm-python-sdk/build/lib/xarm/core/config
[2.112s] copying xarm/core/config/x_config.py -> /home/dduboi/ros_ws/build/xarm-python-sdk/build/lib/xarm/core/config
[2.112s] copying xarm/core/config/__init__.py -> /home/dduboi/ros_ws/build/xarm-python-sdk/build/lib/xarm/core/config
[2.112s] creating /home/dduboi/ros_ws/build/xarm-python-sdk/build/lib/xarm/core/comm
[2.112s] copying xarm/core/comm/base.py -> /home/dduboi/ros_ws/build/xarm-python-sdk/build/lib/xarm/core/comm
[2.112s] copying xarm/core/comm/serial_port.py -> /home/dduboi/ros_ws/build/xarm-python-sdk/build/lib/xarm/core/comm
[2.113s] copying xarm/core/comm/uxbus_cmd_protocol.py -> /home/dduboi/ros_ws/build/xarm-python-sdk/build/lib/xarm/core/comm
[2.113s] copying xarm/core/comm/socket_port.py -> /home/dduboi/ros_ws/build/xarm-python-sdk/build/lib/xarm/core/comm
[2.113s] copying xarm/core/comm/__init__.py -> /home/dduboi/ros_ws/build/xarm-python-sdk/build/lib/xarm/core/comm
[2.113s] creating /home/dduboi/ros_ws/build/xarm-python-sdk/build/lib/xarm/core/utils
[2.113s] copying xarm/core/utils/crc16.py -> /home/dduboi/ros_ws/build/xarm-python-sdk/build/lib/xarm/core/utils
[2.113s] copying xarm/core/utils/debug_print.py -> /home/dduboi/ros_ws/build/xarm-python-sdk/build/lib/xarm/core/utils
[2.113s] copying xarm/core/utils/convert.py -> /home/dduboi/ros_ws/build/xarm-python-sdk/build/lib/xarm/core/utils
[2.114s] copying xarm/core/utils/log.py -> /home/dduboi/ros_ws/build/xarm-python-sdk/build/lib/xarm/core/utils
[2.114s] copying xarm/core/utils/__init__.py -> /home/dduboi/ros_ws/build/xarm-python-sdk/build/lib/xarm/core/utils
[2.114s] creating /home/dduboi/ros_ws/build/xarm-python-sdk/build/lib/xarm/core/wrapper
[2.114s] copying xarm/core/wrapper/uxbus_cmd.py -> /home/dduboi/ros_ws/build/xarm-python-sdk/build/lib/xarm/core/wrapper
[2.114s] copying xarm/core/wrapper/uxbus_cmd_ser.py -> /home/dduboi/ros_ws/build/xarm-python-sdk/build/lib/xarm/core/wrapper
[2.114s] copying xarm/core/wrapper/__init__.py -> /home/dduboi/ros_ws/build/xarm-python-sdk/build/lib/xarm/core/wrapper
[2.115s] copying xarm/core/wrapper/uxbus_cmd_tcp.py -> /home/dduboi/ros_ws/build/xarm-python-sdk/build/lib/xarm/core/wrapper
[2.115s] creating /home/dduboi/ros_ws/build/xarm-python-sdk/build/lib/xarm/tools/blockly
[2.115s] copying xarm/tools/blockly/_blockly_node.py -> /home/dduboi/ros_ws/build/xarm-python-sdk/build/lib/xarm/tools/blockly
[2.115s] copying xarm/tools/blockly/_blockly_tool.py -> /home/dduboi/ros_ws/build/xarm-python-sdk/build/lib/xarm/tools/blockly
[2.115s] copying xarm/tools/blockly/_blockly_handler.py -> /home/dduboi/ros_ws/build/xarm-python-sdk/build/lib/xarm/tools/blockly
[2.115s] copying xarm/tools/blockly/_blockly_highlight.py -> /home/dduboi/ros_ws/build/xarm-python-sdk/build/lib/xarm/tools/blockly
[2.115s] copying xarm/tools/blockly/_blockly_base.py -> /home/dduboi/ros_ws/build/xarm-python-sdk/build/lib/xarm/tools/blockly
[2.115s] copying xarm/tools/blockly/__init__.py -> /home/dduboi/ros_ws/build/xarm-python-sdk/build/lib/xarm/tools/blockly
[2.116s] running install
[2.123s] running install_lib
[2.142s] creating /home/dduboi/ros_ws/install/xarm-python-sdk/lib/python3.12/site-packages/xarm
[2.143s] creating /home/dduboi/ros_ws/install/xarm-python-sdk/lib/python3.12/site-packages/xarm/core
[2.144s] creating /home/dduboi/ros_ws/install/xarm-python-sdk/lib/python3.12/site-packages/xarm/core/config
[2.144s] copying /home/dduboi/ros_ws/build/xarm-python-sdk/build/lib/xarm/core/config/x_code.py -> /home/dduboi/ros_ws/install/xarm-python-sdk/lib/python3.12/site-packages/xarm/core/config
[2.144s] copying /home/dduboi/ros_ws/build/xarm-python-sdk/build/lib/xarm/core/config/x_config.py -> /home/dduboi/ros_ws/install/xarm-python-sdk/lib/python3.12/site-packages/xarm/core/config
[2.144s] copying /home/dduboi/ros_ws/build/xarm-python-sdk/build/lib/xarm/core/config/__init__.py -> /home/dduboi/ros_ws/install/xarm-python-sdk/lib/python3.12/site-packages/xarm/core/config
[2.144s] copying /home/dduboi/ros_ws/build/xarm-python-sdk/build/lib/xarm/core/version.py -> /home/dduboi/ros_ws/install/xarm-python-sdk/lib/python3.12/site-packages/xarm/core
[2.144s] creating /home/dduboi/ros_ws/install/xarm-python-sdk/lib/python3.12/site-packages/xarm/core/comm
[2.144s] copying /home/dduboi/ros_ws/build/xarm-python-sdk/build/lib/xarm/core/comm/base.py -> /home/dduboi/ros_ws/install/xarm-python-sdk/lib/python3.12/site-packages/xarm/core/comm
[2.145s] copying /home/dduboi/ros_ws/build/xarm-python-sdk/build/lib/xarm/core/comm/serial_port.py -> /home/dduboi/ros_ws/install/xarm-python-sdk/lib/python3.12/site-packages/xarm/core/comm
[2.145s] copying /home/dduboi/ros_ws/build/xarm-python-sdk/build/lib/xarm/core/comm/uxbus_cmd_protocol.py -> /home/dduboi/ros_ws/install/xarm-python-sdk/lib/python3.12/site-packages/xarm/core/comm
[2.146s] copying /home/dduboi/ros_ws/build/xarm-python-sdk/build/lib/xarm/core/comm/socket_port.py -> /home/dduboi/ros_ws/install/xarm-python-sdk/lib/python3.12/site-packages/xarm/core/comm
[2.146s] copying /home/dduboi/ros_ws/build/xarm-python-sdk/build/lib/xarm/core/comm/__init__.py -> /home/dduboi/ros_ws/install/xarm-python-sdk/lib/python3.12/site-packages/xarm/core/comm
[2.147s] creating /home/dduboi/ros_ws/install/xarm-python-sdk/lib/python3.12/site-packages/xarm/core/utils
[2.147s] copying /home/dduboi/ros_ws/build/xarm-python-sdk/build/lib/xarm/core/utils/crc16.py -> /home/dduboi/ros_ws/install/xarm-python-sdk/lib/python3.12/site-packages/xarm/core/utils
[2.147s] copying /home/dduboi/ros_ws/build/xarm-python-sdk/build/lib/xarm/core/utils/debug_print.py -> /home/dduboi/ros_ws/install/xarm-python-sdk/lib/python3.12/site-packages/xarm/core/utils
[2.147s] copying /home/dduboi/ros_ws/build/xarm-python-sdk/build/lib/xarm/core/utils/convert.py -> /home/dduboi/ros_ws/install/xarm-python-sdk/lib/python3.12/site-packages/xarm/core/utils
[2.147s] copying /home/dduboi/ros_ws/build/xarm-python-sdk/build/lib/xarm/core/utils/log.py -> /home/dduboi/ros_ws/install/xarm-python-sdk/lib/python3.12/site-packages/xarm/core/utils
[2.147s] copying /home/dduboi/ros_ws/build/xarm-python-sdk/build/lib/xarm/core/utils/__init__.py -> /home/dduboi/ros_ws/install/xarm-python-sdk/lib/python3.12/site-packages/xarm/core/utils
[2.147s] creating /home/dduboi/ros_ws/install/xarm-python-sdk/lib/python3.12/site-packages/xarm/core/wrapper
[2.147s] copying /home/dduboi/ros_ws/build/xarm-python-sdk/build/lib/xarm/core/wrapper/uxbus_cmd.py -> /home/dduboi/ros_ws/install/xarm-python-sdk/lib/python3.12/site-packages/xarm/core/wrapper
[2.147s] copying /home/dduboi/ros_ws/build/xarm-python-sdk/build/lib/xarm/core/wrapper/uxbus_cmd_ser.py -> /home/dduboi/ros_ws/install/xarm-python-sdk/lib/python3.12/site-packages/xarm/core/wrapper
[2.147s] copying /home/dduboi/ros_ws/build/xarm-python-sdk/build/lib/xarm/core/wrapper/__init__.py -> /home/dduboi/ros_ws/install/xarm-python-sdk/lib/python3.12/site-packages/xarm/core/wrapper
[2.147s] copying /home/dduboi/ros_ws/build/xarm-python-sdk/build/lib/xarm/core/wrapper/uxbus_cmd_tcp.py -> /home/dduboi/ros_ws/install/xarm-python-sdk/lib/python3.12/site-packages/xarm/core/wrapper
[2.147s] copying /home/dduboi/ros_ws/build/xarm-python-sdk/build/lib/xarm/core/__init__.py -> /home/dduboi/ros_ws/install/xarm-python-sdk/lib/python3.12/site-packages/xarm/core
[2.149s] creating /home/dduboi/ros_ws/install/xarm-python-sdk/lib/python3.12/site-packages/xarm/tools
[2.149s] copying /home/dduboi/ros_ws/build/xarm-python-sdk/build/lib/xarm/tools/gcode.py -> /home/dduboi/ros_ws/install/xarm-python-sdk/lib/python3.12/site-packages/xarm/tools
[2.150s] copying /home/dduboi/ros_ws/build/xarm-python-sdk/build/lib/xarm/tools/modbus_tcp.py -> /home/dduboi/ros_ws/install/xarm-python-sdk/lib/python3.12/site-packages/xarm/tools
[2.150s] creating /home/dduboi/ros_ws/install/xarm-python-sdk/lib/python3.12/site-packages/xarm/tools/blockly
[2.150s] copying /home/dduboi/ros_ws/build/xarm-python-sdk/build/lib/xarm/tools/blockly/_blockly_node.py -> /home/dduboi/ros_ws/install/xarm-python-sdk/lib/python3.12/site-packages/xarm/tools/blockly
[2.151s] copying /home/dduboi/ros_ws/build/xarm-python-sdk/build/lib/xarm/tools/blockly/_blockly_tool.py -> /home/dduboi/ros_ws/install/xarm-python-sdk/lib/python3.12/site-packages/xarm/tools/blockly
[2.151s] copying /home/dduboi/ros_ws/build/xarm-python-sdk/build/lib/xarm/tools/blockly/_blockly_handler.py -> /home/dduboi/ros_ws/install/xarm-python-sdk/lib/python3.12/site-packages/xarm/tools/blockly
[2.151s] copying /home/dduboi/ros_ws/build/xarm-python-sdk/build/lib/xarm/tools/blockly/_blockly_highlight.py -> /home/dduboi/ros_ws/install/xarm-python-sdk/lib/python3.12/site-packages/xarm/tools/blockly
[2.151s] copying /home/dduboi/ros_ws/build/xarm-python-sdk/build/lib/xarm/tools/blockly/_blockly_base.py -> /home/dduboi/ros_ws/install/xarm-python-sdk/lib/python3.12/site-packages/xarm/tools/blockly
[2.151s] copying /home/dduboi/ros_ws/build/xarm-python-sdk/build/lib/xarm/tools/blockly/__init__.py -> /home/dduboi/ros_ws/install/xarm-python-sdk/lib/python3.12/site-packages/xarm/tools/blockly
[2.151s] copying /home/dduboi/ros_ws/build/xarm-python-sdk/build/lib/xarm/tools/threads.py -> /home/dduboi/ros_ws/install/xarm-python-sdk/lib/python3.12/site-packages/xarm/tools
[2.151s] copying /home/dduboi/ros_ws/build/xarm-python-sdk/build/lib/xarm/tools/list_ports.py -> /home/dduboi/ros_ws/install/xarm-python-sdk/lib/python3.12/site-packages/xarm/tools
[2.152s] copying /home/dduboi/ros_ws/build/xarm-python-sdk/build/lib/xarm/tools/utils.py -> /home/dduboi/ros_ws/install/xarm-python-sdk/lib/python3.12/site-packages/xarm/tools
[2.152s] copying /home/dduboi/ros_ws/build/xarm-python-sdk/build/lib/xarm/tools/blockly_tool.py -> /home/dduboi/ros_ws/install/xarm-python-sdk/lib/python3.12/site-packages/xarm/tools
[2.152s] copying /home/dduboi/ros_ws/build/xarm-python-sdk/build/lib/xarm/tools/__init__.py -> /home/dduboi/ros_ws/install/xarm-python-sdk/lib/python3.12/site-packages/xarm/tools
[2.152s] copying /home/dduboi/ros_ws/build/xarm-python-sdk/build/lib/xarm/build_backend.py -> /home/dduboi/ros_ws/install/xarm-python-sdk/lib/python3.12/site-packages/xarm
[2.152s] creating /home/dduboi/ros_ws/install/xarm-python-sdk/lib/python3.12/site-packages/xarm/x3
[2.153s] copying /home/dduboi/ros_ws/build/xarm-python-sdk/build/lib/xarm/x3/track.py -> /home/dduboi/ros_ws/install/xarm-python-sdk/lib/python3.12/site-packages/xarm/x3
[2.153s] copying /home/dduboi/ros_ws/build/xarm-python-sdk/build/lib/xarm/x3/xarm.py -> /home/dduboi/ros_ws/install/xarm-python-sdk/lib/python3.12/site-packages/xarm/x3
[2.153s] copying /home/dduboi/ros_ws/build/xarm-python-sdk/build/lib/xarm/x3/ft_sensor.py -> /home/dduboi/ros_ws/install/xarm-python-sdk/lib/python3.12/site-packages/xarm/x3
[2.153s] copying /home/dduboi/ros_ws/build/xarm-python-sdk/build/lib/xarm/x3/servo.py -> /home/dduboi/ros_ws/install/xarm-python-sdk/lib/python3.12/site-packages/xarm/x3
[2.153s] copying /home/dduboi/ros_ws/build/xarm-python-sdk/build/lib/xarm/x3/studio.py -> /home/dduboi/ros_ws/install/xarm-python-sdk/lib/python3.12/site-packages/xarm/x3
[2.153s] copying /home/dduboi/ros_ws/build/xarm-python-sdk/build/lib/xarm/x3/modbus_tcp.py -> /home/dduboi/ros_ws/install/xarm-python-sdk/lib/python3.12/site-packages/xarm/x3
[2.153s] copying /home/dduboi/ros_ws/build/xarm-python-sdk/build/lib/xarm/x3/base_board.py -> /home/dduboi/ros_ws/install/xarm-python-sdk/lib/python3.12/site-packages/xarm/x3
[2.153s] copying /home/dduboi/ros_ws/build/xarm-python-sdk/build/lib/xarm/x3/base.py -> /home/dduboi/ros_ws/install/xarm-python-sdk/lib/python3.12/site-packages/xarm/x3
[2.154s] copying /home/dduboi/ros_ws/build/xarm-python-sdk/build/lib/xarm/x3/code.py -> /home/dduboi/ros_ws/install/xarm-python-sdk/lib/python3.12/site-packages/xarm/x3
[2.154s] copying /home/dduboi/ros_ws/build/xarm-python-sdk/build/lib/xarm/x3/events.py -> /home/dduboi/ros_ws/install/xarm-python-sdk/lib/python3.12/site-packages/xarm/x3
[2.154s] copying /home/dduboi/ros_ws/build/xarm-python-sdk/build/lib/xarm/x3/grammar_async.py -> /home/dduboi/ros_ws/install/xarm-python-sdk/lib/python3.12/site-packages/xarm/x3
[2.155s] copying /home/dduboi/ros_ws/build/xarm-python-sdk/build/lib/xarm/x3/gpio.py -> /home/dduboi/ros_ws/install/xarm-python-sdk/lib/python3.12/site-packages/xarm/x3
[2.155s] copying /home/dduboi/ros_ws/build/xarm-python-sdk/build/lib/xarm/x3/grammar_coroutine.py -> /home/dduboi/ros_ws/install/xarm-python-sdk/lib/python3.12/site-packages/xarm/x3
[2.155s] copying /home/dduboi/ros_ws/build/xarm-python-sdk/build/lib/xarm/x3/utils.py -> /home/dduboi/ros_ws/install/xarm-python-sdk/lib/python3.12/site-packages/xarm/x3
[2.155s] copying /home/dduboi/ros_ws/build/xarm-python-sdk/build/lib/xarm/x3/decorator.py -> /home/dduboi/ros_ws/install/xarm-python-sdk/lib/python3.12/site-packages/xarm/x3
[2.156s] copying /home/dduboi/ros_ws/build/xarm-python-sdk/build/lib/xarm/x3/parse.py -> /home/dduboi/ros_ws/install/xarm-python-sdk/lib/python3.12/site-packages/xarm/x3
[2.156s] copying /home/dduboi/ros_ws/build/xarm-python-sdk/build/lib/xarm/x3/robotiq.py -> /home/dduboi/ros_ws/install/xarm-python-sdk/lib/python3.12/site-packages/xarm/x3
[2.156s] copying /home/dduboi/ros_ws/build/xarm-python-sdk/build/lib/xarm/x3/gripper.py -> /home/dduboi/ros_ws/install/xarm-python-sdk/lib/python3.12/site-packages/xarm/x3
[2.156s] copying /home/dduboi/ros_ws/build/xarm-python-sdk/build/lib/xarm/x3/__init__.py -> /home/dduboi/ros_ws/install/xarm-python-sdk/lib/python3.12/site-packages/xarm/x3
[2.156s] copying /home/dduboi/ros_ws/build/xarm-python-sdk/build/lib/xarm/x3/record.py -> /home/dduboi/ros_ws/install/xarm-python-sdk/lib/python3.12/site-packages/xarm/x3
[2.156s] copying /home/dduboi/ros_ws/build/xarm-python-sdk/build/lib/xarm/x3/report.py -> /home/dduboi/ros_ws/install/xarm-python-sdk/lib/python3.12/site-packages/xarm/x3
[2.156s] copying /home/dduboi/ros_ws/build/xarm-python-sdk/build/lib/xarm/version.py -> /home/dduboi/ros_ws/install/xarm-python-sdk/lib/python3.12/site-packages/xarm
[2.156s] creating /home/dduboi/ros_ws/install/xarm-python-sdk/lib/python3.12/site-packages/xarm/wrapper
[2.156s] copying /home/dduboi/ros_ws/build/xarm-python-sdk/build/lib/xarm/wrapper/studio_api.py -> /home/dduboi/ros_ws/install/xarm-python-sdk/lib/python3.12/site-packages/xarm/wrapper
[2.156s] copying /home/dduboi/ros_ws/build/xarm-python-sdk/build/lib/xarm/wrapper/xarm_api.py -> /home/dduboi/ros_ws/install/xarm-python-sdk/lib/python3.12/site-packages/xarm/wrapper
[2.156s] copying /home/dduboi/ros_ws/build/xarm-python-sdk/build/lib/xarm/wrapper/__init__.py -> /home/dduboi/ros_ws/install/xarm-python-sdk/lib/python3.12/site-packages/xarm/wrapper
[2.156s] copying /home/dduboi/ros_ws/build/xarm-python-sdk/build/lib/xarm/__init__.py -> /home/dduboi/ros_ws/install/xarm-python-sdk/lib/python3.12/site-packages/xarm
[2.156s] byte-compiling /home/dduboi/ros_ws/install/xarm-python-sdk/lib/python3.12/site-packages/xarm/core/config/x_code.py to x_code.cpython-312.pyc
[2.161s] byte-compiling /home/dduboi/ros_ws/install/xarm-python-sdk/lib/python3.12/site-packages/xarm/core/config/x_config.py to x_config.cpython-312.pyc
[2.163s] byte-compiling /home/dduboi/ros_ws/install/xarm-python-sdk/lib/python3.12/site-packages/xarm/core/config/__init__.py to __init__.cpython-312.pyc
[2.164s] byte-compiling /home/dduboi/ros_ws/install/xarm-python-sdk/lib/python3.12/site-packages/xarm/core/version.py to version.cpython-312.pyc
[2.164s] byte-compiling /home/dduboi/ros_ws/install/xarm-python-sdk/lib/python3.12/site-packages/xarm/core/comm/base.py to base.cpython-312.pyc
[2.169s] byte-compiling /home/dduboi/ros_ws/install/xarm-python-sdk/lib/python3.12/site-packages/xarm/core/comm/serial_port.py to serial_port.cpython-312.pyc
[2.169s] byte-compiling /home/dduboi/ros_ws/install/xarm-python-sdk/lib/python3.12/site-packages/xarm/core/comm/uxbus_cmd_protocol.py to uxbus_cmd_protocol.cpython-312.pyc
[2.169s] byte-compiling /home/dduboi/ros_ws/install/xarm-python-sdk/lib/python3.12/site-packages/xarm/core/comm/socket_port.py to socket_port.cpython-312.pyc
[2.169s] byte-compiling /home/dduboi/ros_ws/install/xarm-python-sdk/lib/python3.12/site-packages/xarm/core/comm/__init__.py to __init__.cpython-312.pyc
[2.169s] byte-compiling /home/dduboi/ros_ws/install/xarm-python-sdk/lib/python3.12/site-packages/xarm/core/utils/crc16.py to crc16.cpython-312.pyc
[2.170s] byte-compiling /home/dduboi/ros_ws/install/xarm-python-sdk/lib/python3.12/site-packages/xarm/core/utils/debug_print.py to debug_print.cpython-312.pyc
[2.170s] byte-compiling /home/dduboi/ros_ws/install/xarm-python-sdk/lib/python3.12/site-packages/xarm/core/utils/convert.py to convert.cpython-312.pyc
[2.170s] byte-compiling /home/dduboi/ros_ws/install/xarm-python-sdk/lib/python3.12/site-packages/xarm/core/utils/log.py to log.cpython-312.pyc
[2.172s] byte-compiling /home/dduboi/ros_ws/install/xarm-python-sdk/lib/python3.12/site-packages/xarm/core/utils/__init__.py to __init__.cpython-312.pyc
[2.172s] byte-compiling /home/dduboi/ros_ws/install/xarm-python-sdk/lib/python3.12/site-packages/xarm/core/wrapper/uxbus_cmd.py to uxbus_cmd.cpython-312.pyc
[2.203s] byte-compiling /home/dduboi/ros_ws/install/xarm-python-sdk/lib/python3.12/site-packages/xarm/core/wrapper/uxbus_cmd_ser.py to uxbus_cmd_ser.cpython-312.pyc
[2.204s] byte-compiling /home/dduboi/ros_ws/install/xarm-python-sdk/lib/python3.12/site-packages/xarm/core/wrapper/__init__.py to __init__.cpython-312.pyc
[2.205s] byte-compiling /home/dduboi/ros_ws/install/xarm-python-sdk/lib/python3.12/site-packages/xarm/core/wrapper/uxbus_cmd_tcp.py to uxbus_cmd_tcp.cpython-312.pyc
[2.208s] byte-compiling /home/dduboi/ros_ws/install/xarm-python-sdk/lib/python3.12/site-packages/xarm/core/__init__.py to __init__.cpython-312.pyc
[2.209s] byte-compiling /home/dduboi/ros_ws/install/xarm-python-sdk/lib/python3.12/site-packages/xarm/tools/gcode.py to gcode.cpython-312.pyc
[2.209s] byte-compiling /home/dduboi/ros_ws/install/xarm-python-sdk/lib/python3.12/site-packages/xarm/tools/modbus_tcp.py to modbus_tcp.cpython-312.pyc
[2.211s] byte-compiling /home/dduboi/ros_ws/install/xarm-python-sdk/lib/python3.12/site-packages/xarm/tools/blockly/_blockly_node.py to _blockly_node.cpython-312.pyc
[2.212s] byte-compiling /home/dduboi/ros_ws/install/xarm-python-sdk/lib/python3.12/site-packages/xarm/tools/blockly/_blockly_tool.py to _blockly_tool.cpython-312.pyc
[2.215s] byte-compiling /home/dduboi/ros_ws/install/xarm-python-sdk/lib/python3.12/site-packages/xarm/tools/blockly/_blockly_handler.py to _blockly_handler.cpython-312.pyc
[2.218s] /home/dduboi/ros_ws/install/xarm-python-sdk/lib/python3.12/site-packages/xarm/tools/blockly/_blockly_handler.py:448: SyntaxWarning: invalid escape sequence '\d'
[2.218s]   if re.match('\d+(\.\d+)*$', xyz_li[i]) is not None:
[2.219s] /home/dduboi/ros_ws/install/xarm-python-sdk/lib/python3.12/site-packages/xarm/tools/blockly/_blockly_handler.py:566: SyntaxWarning: invalid escape sequence '\d'
[2.219s]   if re.match('\d+(\.\d+)*$', xyz_li[i]) is not None:
[2.219s] /home/dduboi/ros_ws/install/xarm-python-sdk/lib/python3.12/site-packages/xarm/tools/blockly/_blockly_handler.py:613: SyntaxWarning: invalid escape sequence '\d'
[2.219s]   if re.match('\d+(\.\d+)*$', xyz_li[i]) is not None:
[2.220s] /home/dduboi/ros_ws/install/xarm-python-sdk/lib/python3.12/site-packages/xarm/tools/blockly/_blockly_handler.py:645: SyntaxWarning: invalid escape sequence '\d'
[2.220s]   if re.match('\d+(\.\d+)*$', xyz_li[i]) is not None:
[2.225s] /home/dduboi/ros_ws/install/xarm-python-sdk/lib/python3.12/site-packages/xarm/tools/blockly/_blockly_handler.py:1236: SyntaxWarning: invalid escape sequence '\s'
[2.225s]   code_indent = re.match('(\s*).*', code).group(1)
[2.225s] /home/dduboi/ros_ws/install/xarm-python-sdk/lib/python3.12/site-packages/xarm/tools/blockly/_blockly_handler.py:1275: SyntaxWarning: invalid escape sequence '\s'
[2.225s]   cmd_li = re.sub('\s+', ' ', cmd_li)
[2.235s] byte-compiling /home/dduboi/ros_ws/install/xarm-python-sdk/lib/python3.12/site-packages/xarm/tools/blockly/_blockly_highlight.py to _blockly_highlight.cpython-312.pyc
[2.237s] byte-compiling /home/dduboi/ros_ws/install/xarm-python-sdk/lib/python3.12/site-packages/xarm/tools/blockly/_blockly_base.py to _blockly_base.cpython-312.pyc
[2.238s] /home/dduboi/ros_ws/install/xarm-python-sdk/lib/python3.12/site-packages/xarm/tools/blockly/_blockly_base.py:204: SyntaxWarning: invalid escape sequence '\s'
[2.238s]   cmd_li = re.sub('\s+', ' ', cmd_li)
[2.244s] byte-compiling /home/dduboi/ros_ws/install/xarm-python-sdk/lib/python3.12/site-packages/xarm/tools/blockly/__init__.py to __init__.cpython-312.pyc
[2.245s] byte-compiling /home/dduboi/ros_ws/install/xarm-python-sdk/lib/python3.12/site-packages/xarm/tools/threads.py to threads.cpython-312.pyc
[2.246s] byte-compiling /home/dduboi/ros_ws/install/xarm-python-sdk/lib/python3.12/site-packages/xarm/tools/list_ports.py to list_ports.cpython-312.pyc
[2.246s] byte-compiling /home/dduboi/ros_ws/install/xarm-python-sdk/lib/python3.12/site-packages/xarm/tools/utils.py to utils.cpython-312.pyc
[2.247s] byte-compiling /home/dduboi/ros_ws/install/xarm-python-sdk/lib/python3.12/site-packages/xarm/tools/blockly_tool.py to blockly_tool.cpython-312.pyc
[2.268s] /home/dduboi/ros_ws/install/xarm-python-sdk/lib/python3.12/site-packages/xarm/tools/blockly_tool.py:1854: SyntaxWarning: invalid escape sequence '\p'
[2.268s]   blockly = BlocklyTool('C:\\Users\\ufactory\\.UFACTORY\projects\\test\\xarm6\\app\\myapp\local_test_1\\app.xml')
[2.271s] byte-compiling /home/dduboi/ros_ws/install/xarm-python-sdk/lib/python3.12/site-packages/xarm/tools/__init__.py to __init__.cpython-312.pyc
[2.273s] byte-compiling /home/dduboi/ros_ws/install/xarm-python-sdk/lib/python3.12/site-packages/xarm/build_backend.py to build_backend.cpython-312.pyc
[2.273s] byte-compiling /home/dduboi/ros_ws/install/xarm-python-sdk/lib/python3.12/site-packages/xarm/x3/track.py to track.cpython-312.pyc
[2.277s] byte-compiling /home/dduboi/ros_ws/install/xarm-python-sdk/lib/python3.12/site-packages/xarm/x3/xarm.py to xarm.cpython-312.pyc
[2.301s] byte-compiling /home/dduboi/ros_ws/install/xarm-python-sdk/lib/python3.12/site-packages/xarm/x3/ft_sensor.py to ft_sensor.cpython-312.pyc
[2.304s] byte-compiling /home/dduboi/ros_ws/install/xarm-python-sdk/lib/python3.12/site-packages/xarm/x3/servo.py to servo.cpython-312.pyc
[2.310s] byte-compiling /home/dduboi/ros_ws/install/xarm-python-sdk/lib/python3.12/site-packages/xarm/x3/studio.py to studio.cpython-312.pyc
[2.310s] byte-compiling /home/dduboi/ros_ws/install/xarm-python-sdk/lib/python3.12/site-packages/xarm/x3/modbus_tcp.py to modbus_tcp.cpython-312.pyc
[2.310s] byte-compiling /home/dduboi/ros_ws/install/xarm-python-sdk/lib/python3.12/site-packages/xarm/x3/base_board.py to base_board.cpython-312.pyc
[2.313s] byte-compiling /home/dduboi/ros_ws/install/xarm-python-sdk/lib/python3.12/site-packages/xarm/x3/base.py to base.cpython-312.pyc
[2.341s] byte-compiling /home/dduboi/ros_ws/install/xarm-python-sdk/lib/python3.12/site-packages/xarm/x3/code.py to code.cpython-312.pyc
[2.342s] byte-compiling /home/dduboi/ros_ws/install/xarm-python-sdk/lib/python3.12/site-packages/xarm/x3/events.py to events.cpython-312.pyc
[2.343s] byte-compiling /home/dduboi/ros_ws/install/xarm-python-sdk/lib/python3.12/site-packages/xarm/x3/grammar_async.py to grammar_async.cpython-312.pyc
[2.343s] byte-compiling /home/dduboi/ros_ws/install/xarm-python-sdk/lib/python3.12/site-packages/xarm/x3/gpio.py to gpio.cpython-312.pyc
[2.356s] byte-compiling /home/dduboi/ros_ws/install/xarm-python-sdk/lib/python3.12/site-packages/xarm/x3/grammar_coroutine.py to grammar_coroutine.cpython-312.pyc
[2.357s] byte-compiling /home/dduboi/ros_ws/install/xarm-python-sdk/lib/python3.12/site-packages/xarm/x3/utils.py to utils.cpython-312.pyc
[2.357s] byte-compiling /home/dduboi/ros_ws/install/xarm-python-sdk/lib/python3.12/site-packages/xarm/x3/decorator.py to decorator.cpython-312.pyc
[2.357s] byte-compiling /home/dduboi/ros_ws/install/xarm-python-sdk/lib/python3.12/site-packages/xarm/x3/parse.py to parse.cpython-312.pyc
[2.357s] byte-compiling /home/dduboi/ros_ws/install/xarm-python-sdk/lib/python3.12/site-packages/xarm/x3/robotiq.py to robotiq.cpython-312.pyc
[2.357s] byte-compiling /home/dduboi/ros_ws/install/xarm-python-sdk/lib/python3.12/site-packages/xarm/x3/gripper.py to gripper.cpython-312.pyc
[2.362s] byte-compiling /home/dduboi/ros_ws/install/xarm-python-sdk/lib/python3.12/site-packages/xarm/x3/__init__.py to __init__.cpython-312.pyc
[2.362s] byte-compiling /home/dduboi/ros_ws/install/xarm-python-sdk/lib/python3.12/site-packages/xarm/x3/record.py to record.cpython-312.pyc
[2.364s] byte-compiling /home/dduboi/ros_ws/install/xarm-python-sdk/lib/python3.12/site-packages/xarm/x3/report.py to report.cpython-312.pyc
[2.369s] byte-compiling /home/dduboi/ros_ws/install/xarm-python-sdk/lib/python3.12/site-packages/xarm/version.py to version.cpython-312.pyc
[2.369s] byte-compiling /home/dduboi/ros_ws/install/xarm-python-sdk/lib/python3.12/site-packages/xarm/wrapper/studio_api.py to studio_api.cpython-312.pyc
[2.370s] byte-compiling /home/dduboi/ros_ws/install/xarm-python-sdk/lib/python3.12/site-packages/xarm/wrapper/xarm_api.py to xarm_api.cpython-312.pyc
[2.384s] byte-compiling /home/dduboi/ros_ws/install/xarm-python-sdk/lib/python3.12/site-packages/xarm/wrapper/__init__.py to __init__.cpython-312.pyc
[2.385s] byte-compiling /home/dduboi/ros_ws/install/xarm-python-sdk/lib/python3.12/site-packages/xarm/__init__.py to __init__.cpython-312.pyc
[2.385s] running install_egg_info
[2.409s] Copying ../../build/xarm-python-sdk/xarm_python_sdk.egg-info to /home/dduboi/ros_ws/install/xarm-python-sdk/lib/python3.12/site-packages/xarm_python_sdk-1.15.3-py3.12.egg-info
[2.409s] running install_scripts
[2.466s] writing list of installed files to '/home/dduboi/ros_ws/build/xarm-python-sdk/install.log'
[2.508s] Invoked command in '/home/dduboi/ros_ws/src/xarm_sdk' returned '0': DEBUGINFOD_URLS=https://debuginfod.ubuntu.com PYTHONPATH=/home/dduboi/ros_ws/build/xarm-python-sdk/prefix_override:/usr/lib/python3/dist-packages/colcon_core/task/python/colcon_distutils_commands:/home/dduboi/ros_ws/install/xarm-python-sdk/lib/python3.12/site-packages:${PYTHONPATH} VIRTUAL_ENV_PROMPT=(venv) /usr/bin/python3 -W ignore:setup.py install is deprecated -W ignore:easy_install command is deprecated setup.py egg_info --egg-base ../../build/xarm-python-sdk build --build-base /home/dduboi/ros_ws/build/xarm-python-sdk/build install --record /home/dduboi/ros_ws/build/xarm-python-sdk/install.log --single-version-externally-managed
