[1.833s] Invoking command in '/home/dduboi/ros_ws/src/mesh': DEBUGINFOD_URLS=https://debuginfod.ubuntu.com PYTHONPATH=/home/dduboi/ros_ws/src/build/mesh/prefix_override:/usr/lib/python3/dist-packages/colcon_core/task/python/colcon_distutils_commands:/home/dduboi/ros_ws/src/install/mesh/lib/python3.12/site-packages:${PYTHONPATH} /usr/bin/python3 -W ignore:setup.py install is deprecated -W ignore:easy_install command is deprecated setup.py egg_info --egg-base ../build/mesh build --build-base /home/dduboi/ros_ws/src/build/mesh/build install --record /home/dduboi/ros_ws/src/build/mesh/install.log --single-version-externally-managed install_data
[2.204s] running egg_info
[2.204s] creating ../build/mesh/mesh.egg-info
[2.234s] writing ../build/mesh/mesh.egg-info/PKG-INFO
[2.236s] writing dependency_links to ../build/mesh/mesh.egg-info/dependency_links.txt
[2.238s] writing entry points to ../build/mesh/mesh.egg-info/entry_points.txt
[2.239s] writing requirements to ../build/mesh/mesh.egg-info/requires.txt
[2.239s] writing top-level names to ../build/mesh/mesh.egg-info/top_level.txt
[2.240s] writing manifest file '../build/mesh/mesh.egg-info/SOURCES.txt'
[2.307s] reading manifest file '../build/mesh/mesh.egg-info/SOURCES.txt'
[2.309s] writing manifest file '../build/mesh/mesh.egg-info/SOURCES.txt'
[2.309s] running build
[2.309s] running build_py
[2.310s] creating /home/dduboi/ros_ws/src/build/mesh/build
[2.310s] creating /home/dduboi/ros_ws/src/build/mesh/build/lib
[2.310s] creating /home/dduboi/ros_ws/src/build/mesh/build/lib/mesh
[2.310s] copying mesh/meshing_node.py -> /home/dduboi/ros_ws/src/build/mesh/build/lib/mesh
[2.310s] copying mesh/__init__.py -> /home/dduboi/ros_ws/src/build/mesh/build/lib/mesh
[2.310s] running install
[2.316s] running install_lib
[2.356s] creating /home/dduboi/ros_ws/src/install/mesh/lib/python3.12/site-packages/mesh
[2.356s] copying /home/dduboi/ros_ws/src/build/mesh/build/lib/mesh/meshing_node.py -> /home/dduboi/ros_ws/src/install/mesh/lib/python3.12/site-packages/mesh
[2.356s] copying /home/dduboi/ros_ws/src/build/mesh/build/lib/mesh/__init__.py -> /home/dduboi/ros_ws/src/install/mesh/lib/python3.12/site-packages/mesh
[2.356s] byte-compiling /home/dduboi/ros_ws/src/install/mesh/lib/python3.12/site-packages/mesh/meshing_node.py to meshing_node.cpython-312.pyc
[2.356s] byte-compiling /home/dduboi/ros_ws/src/install/mesh/lib/python3.12/site-packages/mesh/__init__.py to __init__.cpython-312.pyc
[2.356s] running install_data
[2.356s] creating /home/dduboi/ros_ws/src/install/mesh/share/ament_index
[2.356s] creating /home/dduboi/ros_ws/src/install/mesh/share/ament_index/resource_index
[2.356s] creating /home/dduboi/ros_ws/src/install/mesh/share/ament_index/resource_index/packages
[2.357s] copying resource/mesh -> /home/dduboi/ros_ws/src/install/mesh/share/ament_index/resource_index/packages
[2.357s] copying package.xml -> /home/dduboi/ros_ws/src/install/mesh/share/mesh
[2.357s] running install_egg_info
[2.390s] Copying ../build/mesh/mesh.egg-info to /home/dduboi/ros_ws/src/install/mesh/lib/python3.12/site-packages/mesh-0.0.0-py3.12.egg-info
[2.392s] running install_scripts
[2.562s] Installing meshing_node script to /home/dduboi/ros_ws/src/install/mesh/lib/mesh
[2.566s] writing list of installed files to '/home/dduboi/ros_ws/src/build/mesh/install.log'
[2.643s] Invoked command in '/home/dduboi/ros_ws/src/mesh' returned '0': DEBUGINFOD_URLS=https://debuginfod.ubuntu.com PYTHONPATH=/home/dduboi/ros_ws/src/build/mesh/prefix_override:/usr/lib/python3/dist-packages/colcon_core/task/python/colcon_distutils_commands:/home/dduboi/ros_ws/src/install/mesh/lib/python3.12/site-packages:${PYTHONPATH} /usr/bin/python3 -W ignore:setup.py install is deprecated -W ignore:easy_install command is deprecated setup.py egg_info --egg-base ../build/mesh build --build-base /home/dduboi/ros_ws/src/build/mesh/build install --record /home/dduboi/ros_ws/src/build/mesh/install.log --single-version-externally-managed install_data
