running egg_info
creating ../../build/threedimScanner/threedimScanner.egg-info
writing ../../build/threedimScanner/threedimScanner.egg-info/PKG-INFO
writing dependency_links to ../../build/threedimScanner/threedimScanner.egg-info/dependency_links.txt
writing requirements to ../../build/threedimScanner/threedimScanner.egg-info/requires.txt
writing top-level names to ../../build/threedimScanner/threedimScanner.egg-info/top_level.txt
writing manifest file '../../build/threedimScanner/threedimScanner.egg-info/SOURCES.txt'
reading manifest file '../../build/threedimScanner/threedimScanner.egg-info/SOURCES.txt'
writing manifest file '../../build/threedimScanner/threedimScanner.egg-info/SOURCES.txt'
running build
running build_py
creating /home/dduboi/ros_ws/build/threedimScanner/build
creating /home/dduboi/ros_ws/build/threedimScanner/build/lib
creating /home/dduboi/ros_ws/build/threedimScanner/build/lib/threedimScanner
copying threedimScanner/__init__.py -> /home/dduboi/ros_ws/build/threedimScanner/build/lib/threedimScanner
running install
running install_lib
creating /home/dduboi/ros_ws/install/threedimScanner/lib/python3.12/site-packages/threedimScanner
copying /home/dduboi/ros_ws/build/threedimScanner/build/lib/threedimScanner/__init__.py -> /home/dduboi/ros_ws/install/threedimScanner/lib/python3.12/site-packages/threedimScanner
byte-compiling /home/dduboi/ros_ws/install/threedimScanner/lib/python3.12/site-packages/threedimScanner/__init__.py to __init__.cpython-312.pyc
running install_data
creating /home/dduboi/ros_ws/install/threedimScanner/share/ament_index
creating /home/dduboi/ros_ws/install/threedimScanner/share/ament_index/resource_index
creating /home/dduboi/ros_ws/install/threedimScanner/share/ament_index/resource_index/packages
copying resource/threedimScanner -> /home/dduboi/ros_ws/install/threedimScanner/share/ament_index/resource_index/packages
copying package.xml -> /home/dduboi/ros_ws/install/threedimScanner/share/threedimScanner
running install_egg_info
Copying ../../build/threedimScanner/threedimScanner.egg-info to /home/dduboi/ros_ws/install/threedimScanner/lib/python3.12/site-packages/threedimScanner-0.0.0-py3.12.egg-info
running install_scripts
writing list of installed files to '/home/dduboi/ros_ws/build/threedimScanner/install.log'
