[1.270s] Invoking command in '/home/dduboi/ros_ws/src/threedimScanner': DEBUGINFOD_URLS=https://debuginfod.ubuntu.com PYTHONPATH=/home/dduboi/ros_ws/build/threedimScanner/prefix_override:/usr/lib/python3/dist-packages/colcon_core/task/python/colcon_distutils_commands:/home/dduboi/ros_ws/install/threedimScanner/lib/python3.12/site-packages:${PYTHONPATH} /usr/bin/python3 -W ignore:setup.py install is deprecated -W ignore:easy_install command is deprecated setup.py egg_info --egg-base ../../build/threedimScanner build --build-base /home/dduboi/ros_ws/build/threedimScanner/build install --record /home/dduboi/ros_ws/build/threedimScanner/install.log --single-version-externally-managed install_data
[1.620s] running egg_info
[1.626s] creating ../../build/threedimScanner/threedimScanner.egg-info
[1.653s] writing ../../build/threedimScanner/threedimScanner.egg-info/PKG-INFO
[1.653s] writing dependency_links to ../../build/threedimScanner/threedimScanner.egg-info/dependency_links.txt
[1.654s] writing requirements to ../../build/threedimScanner/threedimScanner.egg-info/requires.txt
[1.654s] writing top-level names to ../../build/threedimScanner/threedimScanner.egg-info/top_level.txt
[1.654s] writing manifest file '../../build/threedimScanner/threedimScanner.egg-info/SOURCES.txt'
[1.717s] reading manifest file '../../build/threedimScanner/threedimScanner.egg-info/SOURCES.txt'
[1.717s] writing manifest file '../../build/threedimScanner/threedimScanner.egg-info/SOURCES.txt'
[1.717s] running build
[1.717s] running build_py
[1.717s] creating /home/dduboi/ros_ws/build/threedimScanner/build
[1.717s] creating /home/dduboi/ros_ws/build/threedimScanner/build/lib
[1.717s] creating /home/dduboi/ros_ws/build/threedimScanner/build/lib/threedimScanner
[1.717s] copying threedimScanner/__init__.py -> /home/dduboi/ros_ws/build/threedimScanner/build/lib/threedimScanner
[1.717s] running install
[1.717s] running install_lib
[1.748s] creating /home/dduboi/ros_ws/install/threedimScanner/lib/python3.12/site-packages/threedimScanner
[1.748s] copying /home/dduboi/ros_ws/build/threedimScanner/build/lib/threedimScanner/__init__.py -> /home/dduboi/ros_ws/install/threedimScanner/lib/python3.12/site-packages/threedimScanner
[1.749s] byte-compiling /home/dduboi/ros_ws/install/threedimScanner/lib/python3.12/site-packages/threedimScanner/__init__.py to __init__.cpython-312.pyc
[1.750s] running install_data
[1.750s] creating /home/dduboi/ros_ws/install/threedimScanner/share/ament_index
[1.750s] creating /home/dduboi/ros_ws/install/threedimScanner/share/ament_index/resource_index
[1.750s] creating /home/dduboi/ros_ws/install/threedimScanner/share/ament_index/resource_index/packages
[1.751s] copying resource/threedimScanner -> /home/dduboi/ros_ws/install/threedimScanner/share/ament_index/resource_index/packages
[1.751s] copying package.xml -> /home/dduboi/ros_ws/install/threedimScanner/share/threedimScanner
[1.751s] running install_egg_info
[1.779s] Copying ../../build/threedimScanner/threedimScanner.egg-info to /home/dduboi/ros_ws/install/threedimScanner/lib/python3.12/site-packages/threedimScanner-0.0.0-py3.12.egg-info
[1.780s] running install_scripts
[1.950s] writing list of installed files to '/home/dduboi/ros_ws/build/threedimScanner/install.log'
[2.001s] Invoked command in '/home/dduboi/ros_ws/src/threedimScanner' returned '0': DEBUGINFOD_URLS=https://debuginfod.ubuntu.com PYTHONPATH=/home/dduboi/ros_ws/build/threedimScanner/prefix_override:/usr/lib/python3/dist-packages/colcon_core/task/python/colcon_distutils_commands:/home/dduboi/ros_ws/install/threedimScanner/lib/python3.12/site-packages:${PYTHONPATH} /usr/bin/python3 -W ignore:setup.py install is deprecated -W ignore:easy_install command is deprecated setup.py egg_info --egg-base ../../build/threedimScanner build --build-base /home/dduboi/ros_ws/build/threedimScanner/build install --record /home/dduboi/ros_ws/build/threedimScanner/install.log --single-version-externally-managed install_data
