[1.659s] Invoking command in '/home/dduboi/ros_ws/src/user_interface': DEBUGINFOD_URLS=https://debuginfod.ubuntu.com PYTHONPATH=/home/dduboi/ros_ws/build/user_interface/prefix_override:/usr/lib/python3/dist-packages/colcon_core/task/python/colcon_distutils_commands:/home/dduboi/ros_ws/install/user_interface/lib/python3.12/site-packages:${PYTHONPATH} /usr/bin/python3 -W ignore:setup.py install is deprecated -W ignore:easy_install command is deprecated setup.py egg_info --egg-base ../../build/user_interface build --build-base /home/dduboi/ros_ws/build/user_interface/build install --record /home/dduboi/ros_ws/build/user_interface/install.log --single-version-externally-managed install_data
[2.043s] running egg_info
[2.070s] writing ../../build/user_interface/user_interface.egg-info/PKG-INFO
[2.073s] writing dependency_links to ../../build/user_interface/user_interface.egg-info/dependency_links.txt
[2.074s] writing entry points to ../../build/user_interface/user_interface.egg-info/entry_points.txt
[2.074s] writing requirements to ../../build/user_interface/user_interface.egg-info/requires.txt
[2.074s] writing top-level names to ../../build/user_interface/user_interface.egg-info/top_level.txt
[2.133s] reading manifest file '../../build/user_interface/user_interface.egg-info/SOURCES.txt'
[2.136s] writing manifest file '../../build/user_interface/user_interface.egg-info/SOURCES.txt'
[2.136s] running build
[2.136s] running build_py
[2.136s] copying user_interface/ui_node.py -> /home/dduboi/ros_ws/build/user_interface/build/lib/user_interface
[2.136s] running install
[2.144s] running install_lib
[2.173s] copying /home/dduboi/ros_ws/build/user_interface/build/lib/user_interface/ui_node.py -> /home/dduboi/ros_ws/install/user_interface/lib/python3.12/site-packages/user_interface
[2.174s] byte-compiling /home/dduboi/ros_ws/install/user_interface/lib/python3.12/site-packages/user_interface/ui_node.py to ui_node.cpython-312.pyc
[2.175s] running install_data
[2.175s] running install_egg_info
[2.206s] removing '/home/dduboi/ros_ws/install/user_interface/lib/python3.12/site-packages/user_interface-0.0.0-py3.12.egg-info' (and everything under it)
[2.209s] Copying ../../build/user_interface/user_interface.egg-info to /home/dduboi/ros_ws/install/user_interface/lib/python3.12/site-packages/user_interface-0.0.0-py3.12.egg-info
[2.212s] running install_scripts
[2.397s] Installing ui_node script to /home/dduboi/ros_ws/install/user_interface/lib/user_interface
[2.397s] writing list of installed files to '/home/dduboi/ros_ws/build/user_interface/install.log'
[2.432s] Invoked command in '/home/dduboi/ros_ws/src/user_interface' returned '0': DEBUGINFOD_URLS=https://debuginfod.ubuntu.com PYTHONPATH=/home/dduboi/ros_ws/build/user_interface/prefix_override:/usr/lib/python3/dist-packages/colcon_core/task/python/colcon_distutils_commands:/home/dduboi/ros_ws/install/user_interface/lib/python3.12/site-packages:${PYTHONPATH} /usr/bin/python3 -W ignore:setup.py install is deprecated -W ignore:easy_install command is deprecated setup.py egg_info --egg-base ../../build/user_interface build --build-base /home/dduboi/ros_ws/build/user_interface/build install --record /home/dduboi/ros_ws/build/user_interface/install.log --single-version-externally-managed install_data
