[1.830s] Invoking command in '/home/dduboi/ros_ws/src/robot_arm': DEBUGINFOD_URLS=https://debuginfod.ubuntu.com PYTHONPATH=/home/dduboi/ros_ws/build/robot_arm/prefix_override:/usr/lib/python3/dist-packages/colcon_core/task/python/colcon_distutils_commands:/home/dduboi/ros_ws/install/robot_arm/lib/python3.12/site-packages:${PYTHONPATH} /usr/bin/python3 -W ignore:setup.py install is deprecated -W ignore:easy_install command is deprecated setup.py egg_info --egg-base ../../build/robot_arm build --build-base /home/dduboi/ros_ws/build/robot_arm/build install --record /home/dduboi/ros_ws/build/robot_arm/install.log --single-version-externally-managed install_data
[2.185s] running egg_info
[2.226s] writing ../../build/robot_arm/robot_arm.egg-info/PKG-INFO
[2.227s] writing dependency_links to ../../build/robot_arm/robot_arm.egg-info/dependency_links.txt
[2.229s] writing entry points to ../../build/robot_arm/robot_arm.egg-info/entry_points.txt
[2.230s] writing requirements to ../../build/robot_arm/robot_arm.egg-info/requires.txt
[2.232s] writing top-level names to ../../build/robot_arm/robot_arm.egg-info/top_level.txt
[2.314s] reading manifest file '../../build/robot_arm/robot_arm.egg-info/SOURCES.txt'
[2.317s] writing manifest file '../../build/robot_arm/robot_arm.egg-info/SOURCES.txt'
[2.321s] running build
[2.321s] running build_py
[2.321s] copying robot_arm/robot_node.py -> /home/dduboi/ros_ws/build/robot_arm/build/lib/robot_arm
[2.321s] copying robot_arm/robotic_arm_api.py -> /home/dduboi/ros_ws/build/robot_arm/build/lib/robot_arm
[2.321s] running install
[2.356s] running install_lib
[2.357s] copying /home/dduboi/ros_ws/build/robot_arm/build/lib/robot_arm/robot_node.py -> /home/dduboi/ros_ws/install/robot_arm/lib/python3.12/site-packages/robot_arm
[2.358s] copying /home/dduboi/ros_ws/build/robot_arm/build/lib/robot_arm/robotic_arm_api.py -> /home/dduboi/ros_ws/install/robot_arm/lib/python3.12/site-packages/robot_arm
[2.359s] byte-compiling /home/dduboi/ros_ws/install/robot_arm/lib/python3.12/site-packages/robot_arm/robot_node.py to robot_node.cpython-312.pyc
[2.360s] byte-compiling /home/dduboi/ros_ws/install/robot_arm/lib/python3.12/site-packages/robot_arm/robotic_arm_api.py to robotic_arm_api.cpython-312.pyc
[2.363s] running install_data
[2.363s] running install_egg_info
[2.391s] removing '/home/dduboi/ros_ws/install/robot_arm/lib/python3.12/site-packages/robot_arm-0.0.0-py3.12.egg-info' (and everything under it)
[2.393s] Copying ../../build/robot_arm/robot_arm.egg-info to /home/dduboi/ros_ws/install/robot_arm/lib/python3.12/site-packages/robot_arm-0.0.0-py3.12.egg-info
[2.395s] running install_scripts
[2.598s] Installing robot_node script to /home/dduboi/ros_ws/install/robot_arm/lib/robot_arm
[2.604s] writing list of installed files to '/home/dduboi/ros_ws/build/robot_arm/install.log'
[2.830s] Invoked command in '/home/dduboi/ros_ws/src/robot_arm' returned '0': DEBUGINFOD_URLS=https://debuginfod.ubuntu.com PYTHONPATH=/home/dduboi/ros_ws/build/robot_arm/prefix_override:/usr/lib/python3/dist-packages/colcon_core/task/python/colcon_distutils_commands:/home/dduboi/ros_ws/install/robot_arm/lib/python3.12/site-packages:${PYTHONPATH} /usr/bin/python3 -W ignore:setup.py install is deprecated -W ignore:easy_install command is deprecated setup.py egg_info --egg-base ../../build/robot_arm build --build-base /home/dduboi/ros_ws/build/robot_arm/build install --record /home/dduboi/ros_ws/build/robot_arm/install.log --single-version-externally-managed install_data
