running egg_info
creating ../../build/mesh/mesh.egg-info
writing ../../build/mesh/mesh.egg-info/PKG-INFO
writing dependency_links to ../../build/mesh/mesh.egg-info/dependency_links.txt
writing requirements to ../../build/mesh/mesh.egg-info/requires.txt
writing top-level names to ../../build/mesh/mesh.egg-info/top_level.txt
writing manifest file '../../build/mesh/mesh.egg-info/SOURCES.txt'
reading manifest file '../../build/mesh/mesh.egg-info/SOURCES.txt'
writing manifest file '../../build/mesh/mesh.egg-info/SOURCES.txt'
running build
running build_py
creating /home/dduboi/ros_ws/build/mesh/build
creating /home/dduboi/ros_ws/build/mesh/build/lib
creating /home/dduboi/ros_ws/build/mesh/build/lib/mesh
copying mesh/meshing_node.py -> /home/dduboi/ros_ws/build/mesh/build/lib/mesh
copying mesh/__init__.py -> /home/dduboi/ros_ws/build/mesh/build/lib/mesh
running install
running install_lib
creating /home/dduboi/ros_ws/install/mesh/lib/python3.12/site-packages/mesh
copying /home/dduboi/ros_ws/build/mesh/build/lib/mesh/meshing_node.py -> /home/dduboi/ros_ws/install/mesh/lib/python3.12/site-packages/mesh
copying /home/dduboi/ros_ws/build/mesh/build/lib/mesh/__init__.py -> /home/dduboi/ros_ws/install/mesh/lib/python3.12/site-packages/mesh
byte-compiling /home/dduboi/ros_ws/install/mesh/lib/python3.12/site-packages/mesh/meshing_node.py to meshing_node.cpython-312.pyc
byte-compiling /home/dduboi/ros_ws/install/mesh/lib/python3.12/site-packages/mesh/__init__.py to __init__.cpython-312.pyc
running install_data
creating /home/dduboi/ros_ws/install/mesh/share/ament_index
creating /home/dduboi/ros_ws/install/mesh/share/ament_index/resource_index
creating /home/dduboi/ros_ws/install/mesh/share/ament_index/resource_index/packages
copying resource/mesh -> /home/dduboi/ros_ws/install/mesh/share/ament_index/resource_index/packages
copying package.xml -> /home/dduboi/ros_ws/install/mesh/share/mesh
running install_egg_info
Copying ../../build/mesh/mesh.egg-info to /home/dduboi/ros_ws/install/mesh/lib/python3.12/site-packages/mesh-0.0.0-py3.12.egg-info
running install_scripts
writing list of installed files to '/home/dduboi/ros_ws/build/mesh/install.log'
