running egg_info
writing ../../build/central_control/central_control.egg-info/PKG-INFO
writing dependency_links to ../../build/central_control/central_control.egg-info/dependency_links.txt
writing entry points to ../../build/central_control/central_control.egg-info/entry_points.txt
writing requirements to ../../build/central_control/central_control.egg-info/requires.txt
writing top-level names to ../../build/central_control/central_control.egg-info/top_level.txt
reading manifest file '../../build/central_control/central_control.egg-info/SOURCES.txt'
writing manifest file '../../build/central_control/central_control.egg-info/SOURCES.txt'
running build
running build_py
copying central_control/central_node.py -> /home/dduboi/ros_ws/build/central_control/build/lib/central_control
running install
running install_lib
copying /home/dduboi/ros_ws/build/central_control/build/lib/central_control/central_node.py -> /home/dduboi/ros_ws/install/central_control/lib/python3.12/site-packages/central_control
byte-compiling /home/dduboi/ros_ws/install/central_control/lib/python3.12/site-packages/central_control/central_node.py to central_node.cpython-312.pyc
running install_data
running install_egg_info
removing '/home/dduboi/ros_ws/install/central_control/lib/python3.12/site-packages/central_control-0.0.0-py3.12.egg-info' (and everything under it)
Copying ../../build/central_control/central_control.egg-info to /home/dduboi/ros_ws/install/central_control/lib/python3.12/site-packages/central_control-0.0.0-py3.12.egg-info
running install_scripts
Installing central_node script to /home/dduboi/ros_ws/install/central_control/lib/central_control
writing list of installed files to '/home/dduboi/ros_ws/build/central_control/install.log'
