[1.323s] Invoking command in '/home/dduboi/ros_ws/src/user_interface': DEBUGINFOD_URLS=https://debuginfod.ubuntu.com PYTHONPATH=/home/dduboi/ros_ws/build/user_interface/prefix_override:/usr/lib/python3/dist-packages/colcon_core/task/python/colcon_distutils_commands:/home/dduboi/ros_ws/install/user_interface/lib/python3.12/site-packages:${PYTHONPATH} /usr/bin/python3 -W ignore:setup.py install is deprecated -W ignore:easy_install command is deprecated setup.py egg_info --egg-base ../../build/user_interface build --build-base /home/dduboi/ros_ws/build/user_interface/build install --record /home/dduboi/ros_ws/build/user_interface/install.log --single-version-externally-managed install_data
[1.602s] running egg_info
[1.625s] writing ../../build/user_interface/user_interface.egg-info/PKG-INFO
[1.625s] writing dependency_links to ../../build/user_interface/user_interface.egg-info/dependency_links.txt
[1.625s] writing entry points to ../../build/user_interface/user_interface.egg-info/entry_points.txt
[1.626s] writing requirements to ../../build/user_interface/user_interface.egg-info/requires.txt
[1.626s] writing top-level names to ../../build/user_interface/user_interface.egg-info/top_level.txt
[1.669s] reading manifest file '../../build/user_interface/user_interface.egg-info/SOURCES.txt'
[1.669s] writing manifest file '../../build/user_interface/user_interface.egg-info/SOURCES.txt'
[1.669s] running build
[1.670s] running build_py
[1.670s] running install
[1.694s] running install_lib
[1.704s] running install_data
[1.706s] running install_egg_info
[1.728s] removing '/home/dduboi/ros_ws/install/user_interface/lib/python3.12/site-packages/user_interface-0.0.0-py3.12.egg-info' (and everything under it)
[1.731s] Copying ../../build/user_interface/user_interface.egg-info to /home/dduboi/ros_ws/install/user_interface/lib/python3.12/site-packages/user_interface-0.0.0-py3.12.egg-info
[1.732s] running install_scripts
[1.880s] Installing ui_node script to /home/dduboi/ros_ws/install/user_interface/lib/user_interface
[1.880s] writing list of installed files to '/home/dduboi/ros_ws/build/user_interface/install.log'
[1.915s] Invoked command in '/home/dduboi/ros_ws/src/user_interface' returned '0': DEBUGINFOD_URLS=https://debuginfod.ubuntu.com PYTHONPATH=/home/dduboi/ros_ws/build/user_interface/prefix_override:/usr/lib/python3/dist-packages/colcon_core/task/python/colcon_distutils_commands:/home/dduboi/ros_ws/install/user_interface/lib/python3.12/site-packages:${PYTHONPATH} /usr/bin/python3 -W ignore:setup.py install is deprecated -W ignore:easy_install command is deprecated setup.py egg_info --egg-base ../../build/user_interface build --build-base /home/dduboi/ros_ws/build/user_interface/build install --record /home/dduboi/ros_ws/build/user_interface/install.log --single-version-externally-managed install_data
