[2.057s] Invoking command in '/home/dduboi/ros_ws/src/threedim_scanner': DEBUGINFOD_URLS=https://debuginfod.ubuntu.com PYTHONPATH=/home/dduboi/ros_ws/src/build/threedim_scanner/prefix_override:/usr/lib/python3/dist-packages/colcon_core/task/python/colcon_distutils_commands:/home/dduboi/ros_ws/src/install/threedim_scanner/lib/python3.12/site-packages:${PYTHONPATH} /usr/bin/python3 -W ignore:setup.py install is deprecated -W ignore:easy_install command is deprecated setup.py egg_info --egg-base ../build/threedim_scanner build --build-base /home/dduboi/ros_ws/src/build/threedim_scanner/build install --record /home/dduboi/ros_ws/src/build/threedim_scanner/install.log --single-version-externally-managed install_data
[2.393s] running egg_info
[2.399s] creating ../build/threedim_scanner/threedim_scanner.egg-info
[2.425s] writing ../build/threedim_scanner/threedim_scanner.egg-info/PKG-INFO
[2.425s] writing dependency_links to ../build/threedim_scanner/threedim_scanner.egg-info/dependency_links.txt
[2.425s] writing requirements to ../build/threedim_scanner/threedim_scanner.egg-info/requires.txt
[2.425s] writing top-level names to ../build/threedim_scanner/threedim_scanner.egg-info/top_level.txt
[2.425s] writing manifest file '../build/threedim_scanner/threedim_scanner.egg-info/SOURCES.txt'
[2.480s] reading manifest file '../build/threedim_scanner/threedim_scanner.egg-info/SOURCES.txt'
[2.481s] writing manifest file '../build/threedim_scanner/threedim_scanner.egg-info/SOURCES.txt'
[2.482s] running build
[2.482s] running build_py
[2.483s] creating /home/dduboi/ros_ws/src/build/threedim_scanner/build
[2.483s] creating /home/dduboi/ros_ws/src/build/threedim_scanner/build/lib
[2.484s] creating /home/dduboi/ros_ws/src/build/threedim_scanner/build/lib/threedim_scanner
[2.485s] copying threedim_scanner/__init__.py -> /home/dduboi/ros_ws/src/build/threedim_scanner/build/lib/threedim_scanner
[2.485s] running install
[2.492s] running install_lib
[2.523s] creating /home/dduboi/ros_ws/src/install/threedim_scanner/lib/python3.12/site-packages/threedim_scanner
[2.523s] copying /home/dduboi/ros_ws/src/build/threedim_scanner/build/lib/threedim_scanner/__init__.py -> /home/dduboi/ros_ws/src/install/threedim_scanner/lib/python3.12/site-packages/threedim_scanner
[2.529s] byte-compiling /home/dduboi/ros_ws/src/install/threedim_scanner/lib/python3.12/site-packages/threedim_scanner/__init__.py to __init__.cpython-312.pyc
[2.529s] running install_data
[2.530s] creating /home/dduboi/ros_ws/src/install/threedim_scanner/share/ament_index
[2.530s] creating /home/dduboi/ros_ws/src/install/threedim_scanner/share/ament_index/resource_index
[2.530s] creating /home/dduboi/ros_ws/src/install/threedim_scanner/share/ament_index/resource_index/packages
[2.530s] copying resource/threedim_scanner -> /home/dduboi/ros_ws/src/install/threedim_scanner/share/ament_index/resource_index/packages
[2.530s] copying package.xml -> /home/dduboi/ros_ws/src/install/threedim_scanner/share/threedim_scanner
[2.530s] running install_egg_info
[2.554s] Copying ../build/threedim_scanner/threedim_scanner.egg-info to /home/dduboi/ros_ws/src/install/threedim_scanner/lib/python3.12/site-packages/threedim_scanner-0.0.0-py3.12.egg-info
[2.555s] running install_scripts
[2.734s] writing list of installed files to '/home/dduboi/ros_ws/src/build/threedim_scanner/install.log'
[2.743s] Invoked command in '/home/dduboi/ros_ws/src/threedim_scanner' returned '0': DEBUGINFOD_URLS=https://debuginfod.ubuntu.com PYTHONPATH=/home/dduboi/ros_ws/src/build/threedim_scanner/prefix_override:/usr/lib/python3/dist-packages/colcon_core/task/python/colcon_distutils_commands:/home/dduboi/ros_ws/src/install/threedim_scanner/lib/python3.12/site-packages:${PYTHONPATH} /usr/bin/python3 -W ignore:setup.py install is deprecated -W ignore:easy_install command is deprecated setup.py egg_info --egg-base ../build/threedim_scanner build --build-base /home/dduboi/ros_ws/src/build/threedim_scanner/build install --record /home/dduboi/ros_ws/src/build/threedim_scanner/install.log --single-version-externally-managed install_data
