running egg_info
creating ../build/central_control/central_control.egg-info
writing ../build/central_control/central_control.egg-info/PKG-INFO
writing dependency_links to ../build/central_control/central_control.egg-info/dependency_links.txt
writing entry points to ../build/central_control/central_control.egg-info/entry_points.txt
writing requirements to ../build/central_control/central_control.egg-info/requires.txt
writing top-level names to ../build/central_control/central_control.egg-info/top_level.txt
writing manifest file '../build/central_control/central_control.egg-info/SOURCES.txt'
reading manifest file '../build/central_control/central_control.egg-info/SOURCES.txt'
writing manifest file '../build/central_control/central_control.egg-info/SOURCES.txt'
running build
running build_py
creating /home/dduboi/ros_ws/src/build/central_control/build
creating /home/dduboi/ros_ws/src/build/central_control/build/lib
creating /home/dduboi/ros_ws/src/build/central_control/build/lib/central_control
copying central_control/__init__.py -> /home/dduboi/ros_ws/src/build/central_control/build/lib/central_control
copying central_control/central_node.py -> /home/dduboi/ros_ws/src/build/central_control/build/lib/central_control
running install
running install_lib
creating /home/dduboi/ros_ws/src/install/central_control/lib/python3.12/site-packages/central_control
copying /home/dduboi/ros_ws/src/build/central_control/build/lib/central_control/__init__.py -> /home/dduboi/ros_ws/src/install/central_control/lib/python3.12/site-packages/central_control
copying /home/dduboi/ros_ws/src/build/central_control/build/lib/central_control/central_node.py -> /home/dduboi/ros_ws/src/install/central_control/lib/python3.12/site-packages/central_control
byte-compiling /home/dduboi/ros_ws/src/install/central_control/lib/python3.12/site-packages/central_control/__init__.py to __init__.cpython-312.pyc
byte-compiling /home/dduboi/ros_ws/src/install/central_control/lib/python3.12/site-packages/central_control/central_node.py to central_node.cpython-312.pyc
running install_data
creating /home/dduboi/ros_ws/src/install/central_control/share/ament_index
creating /home/dduboi/ros_ws/src/install/central_control/share/ament_index/resource_index
creating /home/dduboi/ros_ws/src/install/central_control/share/ament_index/resource_index/packages
copying resource/central_control -> /home/dduboi/ros_ws/src/install/central_control/share/ament_index/resource_index/packages
copying package.xml -> /home/dduboi/ros_ws/src/install/central_control/share/central_control
running install_egg_info
Copying ../build/central_control/central_control.egg-info to /home/dduboi/ros_ws/src/install/central_control/lib/python3.12/site-packages/central_control-0.0.0-py3.12.egg-info
running install_scripts
Installing central_node script to /home/dduboi/ros_ws/src/install/central_control/lib/central_control
writing list of installed files to '/home/dduboi/ros_ws/src/build/central_control/install.log'
