[1.369s] Invoking command in '/home/dduboi/ros_ws/src/threedim_scanner': DEBUGINFOD_URLS=https://debuginfod.ubuntu.com PYTHONPATH=/home/dduboi/ros_ws/build/threedim_scanner/prefix_override:/usr/lib/python3/dist-packages/colcon_core/task/python/colcon_distutils_commands:/home/dduboi/ros_ws/install/threedim_scanner/lib/python3.12/site-packages:${PYTHONPATH} /usr/bin/python3 -W ignore:setup.py install is deprecated -W ignore:easy_install command is deprecated setup.py egg_info --egg-base ../../build/threedim_scanner build --build-base /home/dduboi/ros_ws/build/threedim_scanner/build install --record /home/dduboi/ros_ws/build/threedim_scanner/install.log --single-version-externally-managed install_data
[1.748s] running egg_info
[1.779s] writing ../../build/threedim_scanner/threedim_scanner.egg-info/PKG-INFO
[1.781s] writing dependency_links to ../../build/threedim_scanner/threedim_scanner.egg-info/dependency_links.txt
[1.782s] writing requirements to ../../build/threedim_scanner/threedim_scanner.egg-info/requires.txt
[1.783s] writing top-level names to ../../build/threedim_scanner/threedim_scanner.egg-info/top_level.txt
[1.839s] reading manifest file '../../build/threedim_scanner/threedim_scanner.egg-info/SOURCES.txt'
[1.841s] writing manifest file '../../build/threedim_scanner/threedim_scanner.egg-info/SOURCES.txt'
[1.842s] running build
[1.843s] running build_py
[1.844s] running install
[1.852s] running install_lib
[1.877s] running install_data
[1.885s] copying launch/full_system_launch.py -> /home/dduboi/ros_ws/install/threedim_scanner/share/threedim_scanner/launch
[1.885s] running install_egg_info
[1.909s] removing '/home/dduboi/ros_ws/install/threedim_scanner/lib/python3.12/site-packages/threedim_scanner-0.0.0-py3.12.egg-info' (and everything under it)
[1.910s] Copying ../../build/threedim_scanner/threedim_scanner.egg-info to /home/dduboi/ros_ws/install/threedim_scanner/lib/python3.12/site-packages/threedim_scanner-0.0.0-py3.12.egg-info
[1.912s] running install_scripts
[2.111s] writing list of installed files to '/home/dduboi/ros_ws/build/threedim_scanner/install.log'
[2.150s] Invoked command in '/home/dduboi/ros_ws/src/threedim_scanner' returned '0': DEBUGINFOD_URLS=https://debuginfod.ubuntu.com PYTHONPATH=/home/dduboi/ros_ws/build/threedim_scanner/prefix_override:/usr/lib/python3/dist-packages/colcon_core/task/python/colcon_distutils_commands:/home/dduboi/ros_ws/install/threedim_scanner/lib/python3.12/site-packages:${PYTHONPATH} /usr/bin/python3 -W ignore:setup.py install is deprecated -W ignore:easy_install command is deprecated setup.py egg_info --egg-base ../../build/threedim_scanner build --build-base /home/dduboi/ros_ws/build/threedim_scanner/build install --record /home/dduboi/ros_ws/build/threedim_scanner/install.log --single-version-externally-managed install_data
