[1.095s] Invoking command in '/home/dduboi/ros_ws/src/user_interface': DEBUGINFOD_URLS=https://debuginfod.ubuntu.com PYTHONPATH=/home/dduboi/ros_ws/build/user_interface/prefix_override:/usr/lib/python3/dist-packages/colcon_core/task/python/colcon_distutils_commands:/home/dduboi/ros_ws/install/user_interface/lib/python3.12/site-packages:${PYTHONPATH} VIRTUAL_ENV_PROMPT=(venv) /usr/bin/python3 -W ignore:setup.py install is deprecated -W ignore:easy_install command is deprecated setup.py egg_info --egg-base ../../build/user_interface build --build-base /home/dduboi/ros_ws/build/user_interface/build install --record /home/dduboi/ros_ws/build/user_interface/install.log --single-version-externally-managed install_data
[1.437s] running egg_info
[1.438s] creating ../../build/user_interface/user_interface.egg-info
[1.472s] writing ../../build/user_interface/user_interface.egg-info/PKG-INFO
[1.473s] writing dependency_links to ../../build/user_interface/user_interface.egg-info/dependency_links.txt
[1.473s] writing entry points to ../../build/user_interface/user_interface.egg-info/entry_points.txt
[1.474s] writing requirements to ../../build/user_interface/user_interface.egg-info/requires.txt
[1.474s] writing top-level names to ../../build/user_interface/user_interface.egg-info/top_level.txt
[1.474s] writing manifest file '../../build/user_interface/user_interface.egg-info/SOURCES.txt'
[1.520s] reading manifest file '../../build/user_interface/user_interface.egg-info/SOURCES.txt'
[1.521s] writing manifest file '../../build/user_interface/user_interface.egg-info/SOURCES.txt'
[1.523s] running build
[1.523s] running build_py
[1.523s] creating /home/dduboi/ros_ws/build/user_interface/build
[1.523s] creating /home/dduboi/ros_ws/build/user_interface/build/lib
[1.523s] creating /home/dduboi/ros_ws/build/user_interface/build/lib/user_interface
[1.523s] copying user_interface/ui_node.py -> /home/dduboi/ros_ws/build/user_interface/build/lib/user_interface
[1.523s] copying user_interface/__init__.py -> /home/dduboi/ros_ws/build/user_interface/build/lib/user_interface
[1.523s] running install
[1.530s] running install_lib
[1.557s] creating /home/dduboi/ros_ws/install/user_interface/lib/python3.12/site-packages/user_interface
[1.558s] copying /home/dduboi/ros_ws/build/user_interface/build/lib/user_interface/ui_node.py -> /home/dduboi/ros_ws/install/user_interface/lib/python3.12/site-packages/user_interface
[1.559s] copying /home/dduboi/ros_ws/build/user_interface/build/lib/user_interface/__init__.py -> /home/dduboi/ros_ws/install/user_interface/lib/python3.12/site-packages/user_interface
[1.559s] byte-compiling /home/dduboi/ros_ws/install/user_interface/lib/python3.12/site-packages/user_interface/ui_node.py to ui_node.cpython-312.pyc
[1.559s] byte-compiling /home/dduboi/ros_ws/install/user_interface/lib/python3.12/site-packages/user_interface/__init__.py to __init__.cpython-312.pyc
[1.560s] running install_data
[1.560s] creating /home/dduboi/ros_ws/install/user_interface/share/ament_index
[1.560s] creating /home/dduboi/ros_ws/install/user_interface/share/ament_index/resource_index
[1.560s] creating /home/dduboi/ros_ws/install/user_interface/share/ament_index/resource_index/packages
[1.561s] copying resource/user_interface -> /home/dduboi/ros_ws/install/user_interface/share/ament_index/resource_index/packages
[1.561s] copying package.xml -> /home/dduboi/ros_ws/install/user_interface/share/user_interface
[1.561s] running install_egg_info
[1.584s] Copying ../../build/user_interface/user_interface.egg-info to /home/dduboi/ros_ws/install/user_interface/lib/python3.12/site-packages/user_interface-0.0.0-py3.12.egg-info
[1.585s] running install_scripts
[1.750s] Installing ui_node script to /home/dduboi/ros_ws/install/user_interface/lib/user_interface
[1.750s] writing list of installed files to '/home/dduboi/ros_ws/build/user_interface/install.log'
[1.791s] Invoked command in '/home/dduboi/ros_ws/src/user_interface' returned '0': DEBUGINFOD_URLS=https://debuginfod.ubuntu.com PYTHONPATH=/home/dduboi/ros_ws/build/user_interface/prefix_override:/usr/lib/python3/dist-packages/colcon_core/task/python/colcon_distutils_commands:/home/dduboi/ros_ws/install/user_interface/lib/python3.12/site-packages:${PYTHONPATH} VIRTUAL_ENV_PROMPT=(venv) /usr/bin/python3 -W ignore:setup.py install is deprecated -W ignore:easy_install command is deprecated setup.py egg_info --egg-base ../../build/user_interface build --build-base /home/dduboi/ros_ws/build/user_interface/build install --record /home/dduboi/ros_ws/build/user_interface/install.log --single-version-externally-managed install_data
