[1.236s] Invoking command in '/home/dduboi/ros_ws/src/threedim_scanner': DEBUGINFOD_URLS=https://debuginfod.ubuntu.com PYTHONPATH=/home/dduboi/ros_ws/build/threedim_scanner/prefix_override:/usr/lib/python3/dist-packages/colcon_core/task/python/colcon_distutils_commands:/home/dduboi/ros_ws/install/threedim_scanner/lib/python3.12/site-packages:${PYTHONPATH} /usr/bin/python3 -W ignore:setup.py install is deprecated -W ignore:easy_install command is deprecated setup.py egg_info --egg-base ../../build/threedim_scanner build --build-base /home/dduboi/ros_ws/build/threedim_scanner/build install --record /home/dduboi/ros_ws/build/threedim_scanner/install.log --single-version-externally-managed install_data
[1.589s] running egg_info
[1.589s] creating ../../build/threedim_scanner/threedim_scanner.egg-info
[1.603s] writing ../../build/threedim_scanner/threedim_scanner.egg-info/PKG-INFO
[1.604s] writing dependency_links to ../../build/threedim_scanner/threedim_scanner.egg-info/dependency_links.txt
[1.604s] writing requirements to ../../build/threedim_scanner/threedim_scanner.egg-info/requires.txt
[1.605s] writing top-level names to ../../build/threedim_scanner/threedim_scanner.egg-info/top_level.txt
[1.605s] writing manifest file '../../build/threedim_scanner/threedim_scanner.egg-info/SOURCES.txt'
[1.659s] reading manifest file '../../build/threedim_scanner/threedim_scanner.egg-info/SOURCES.txt'
[1.660s] writing manifest file '../../build/threedim_scanner/threedim_scanner.egg-info/SOURCES.txt'
[1.660s] running build
[1.661s] running build_py
[1.661s] creating /home/dduboi/ros_ws/build/threedim_scanner/build
[1.661s] creating /home/dduboi/ros_ws/build/threedim_scanner/build/lib
[1.662s] creating /home/dduboi/ros_ws/build/threedim_scanner/build/lib/threedim_scanner
[1.662s] copying threedim_scanner/__init__.py -> /home/dduboi/ros_ws/build/threedim_scanner/build/lib/threedim_scanner
[1.662s] running install
[1.669s] running install_lib
[1.695s] creating /home/dduboi/ros_ws/install/threedim_scanner/lib/python3.12/site-packages/threedim_scanner
[1.697s] copying /home/dduboi/ros_ws/build/threedim_scanner/build/lib/threedim_scanner/__init__.py -> /home/dduboi/ros_ws/install/threedim_scanner/lib/python3.12/site-packages/threedim_scanner
[1.702s] byte-compiling /home/dduboi/ros_ws/install/threedim_scanner/lib/python3.12/site-packages/threedim_scanner/__init__.py to __init__.cpython-312.pyc
[1.704s] running install_data
[1.705s] creating /home/dduboi/ros_ws/install/threedim_scanner/share/ament_index
[1.705s] creating /home/dduboi/ros_ws/install/threedim_scanner/share/ament_index/resource_index
[1.705s] creating /home/dduboi/ros_ws/install/threedim_scanner/share/ament_index/resource_index/packages
[1.705s] copying resource/threedim_scanner -> /home/dduboi/ros_ws/install/threedim_scanner/share/ament_index/resource_index/packages
[1.705s] copying package.xml -> /home/dduboi/ros_ws/install/threedim_scanner/share/threedim_scanner
[1.705s] running install_egg_info
[1.744s] Copying ../../build/threedim_scanner/threedim_scanner.egg-info to /home/dduboi/ros_ws/install/threedim_scanner/lib/python3.12/site-packages/threedim_scanner-0.0.0-py3.12.egg-info
[1.747s] running install_scripts
[1.911s] writing list of installed files to '/home/dduboi/ros_ws/build/threedim_scanner/install.log'
[1.967s] Invoked command in '/home/dduboi/ros_ws/src/threedim_scanner' returned '0': DEBUGINFOD_URLS=https://debuginfod.ubuntu.com PYTHONPATH=/home/dduboi/ros_ws/build/threedim_scanner/prefix_override:/usr/lib/python3/dist-packages/colcon_core/task/python/colcon_distutils_commands:/home/dduboi/ros_ws/install/threedim_scanner/lib/python3.12/site-packages:${PYTHONPATH} /usr/bin/python3 -W ignore:setup.py install is deprecated -W ignore:easy_install command is deprecated setup.py egg_info --egg-base ../../build/threedim_scanner build --build-base /home/dduboi/ros_ws/build/threedim_scanner/build install --record /home/dduboi/ros_ws/build/threedim_scanner/install.log --single-version-externally-managed install_data
