[1.882s] Invoking command in '/home/dduboi/ros_ws/src/capture': DEBUGINFOD_URLS=https://debuginfod.ubuntu.com PYTHONPATH=/home/dduboi/ros_ws/build/capture/prefix_override:/usr/lib/python3/dist-packages/colcon_core/task/python/colcon_distutils_commands:/home/dduboi/ros_ws/install/capture/lib/python3.12/site-packages:${PYTHONPATH} /usr/bin/python3 -W ignore:setup.py install is deprecated -W ignore:easy_install command is deprecated setup.py egg_info --egg-base ../../build/capture build --build-base /home/dduboi/ros_ws/build/capture/build install --record /home/dduboi/ros_ws/build/capture/install.log --single-version-externally-managed install_data
[2.217s] running egg_info
[2.245s] writing ../../build/capture/capture.egg-info/PKG-INFO
[2.245s] writing dependency_links to ../../build/capture/capture.egg-info/dependency_links.txt
[2.245s] writing entry points to ../../build/capture/capture.egg-info/entry_points.txt
[2.245s] writing requirements to ../../build/capture/capture.egg-info/requires.txt
[2.246s] writing top-level names to ../../build/capture/capture.egg-info/top_level.txt
[2.316s] reading manifest file '../../build/capture/capture.egg-info/SOURCES.txt'
[2.317s] writing manifest file '../../build/capture/capture.egg-info/SOURCES.txt'
[2.326s] running build
[2.326s] running build_py
[2.326s] running install
[2.328s] running install_lib
[2.364s] running install_data
[2.365s] running install_egg_info
[2.397s] removing '/home/dduboi/ros_ws/install/capture/lib/python3.12/site-packages/capture-0.0.0-py3.12.egg-info' (and everything under it)
[2.402s] Copying ../../build/capture/capture.egg-info to /home/dduboi/ros_ws/install/capture/lib/python3.12/site-packages/capture-0.0.0-py3.12.egg-info
[2.405s] running install_scripts
[2.604s] Installing capture_node script to /home/dduboi/ros_ws/install/capture/lib/capture
[2.604s] writing list of installed files to '/home/dduboi/ros_ws/build/capture/install.log'
[2.959s] Invoked command in '/home/dduboi/ros_ws/src/capture' returned '0': DEBUGINFOD_URLS=https://debuginfod.ubuntu.com PYTHONPATH=/home/dduboi/ros_ws/build/capture/prefix_override:/usr/lib/python3/dist-packages/colcon_core/task/python/colcon_distutils_commands:/home/dduboi/ros_ws/install/capture/lib/python3.12/site-packages:${PYTHONPATH} /usr/bin/python3 -W ignore:setup.py install is deprecated -W ignore:easy_install command is deprecated setup.py egg_info --egg-base ../../build/capture build --build-base /home/dduboi/ros_ws/build/capture/build install --record /home/dduboi/ros_ws/build/capture/install.log --single-version-externally-managed install_data
