running egg_info
writing ../../build/mesh/mesh.egg-info/PKG-INFO
writing dependency_links to ../../build/mesh/mesh.egg-info/dependency_links.txt
writing requirements to ../../build/mesh/mesh.egg-info/requires.txt
writing top-level names to ../../build/mesh/mesh.egg-info/top_level.txt
reading manifest file '../../build/mesh/mesh.egg-info/SOURCES.txt'
writing manifest file '../../build/mesh/mesh.egg-info/SOURCES.txt'
running build
running build_py
copying mesh/meshing_node.py -> /home/dduboi/ros_ws/build/mesh/build/lib/mesh
running install
running install_lib
copying /home/dduboi/ros_ws/build/mesh/build/lib/mesh/meshing_node.py -> /home/dduboi/ros_ws/install/mesh/lib/python3.12/site-packages/mesh
byte-compiling /home/dduboi/ros_ws/install/mesh/lib/python3.12/site-packages/mesh/meshing_node.py to meshing_node.cpython-312.pyc
running install_data
running install_egg_info
removing '/home/dduboi/ros_ws/install/mesh/lib/python3.12/site-packages/mesh-0.0.0-py3.12.egg-info' (and everything under it)
Copying ../../build/mesh/mesh.egg-info to /home/dduboi/ros_ws/install/mesh/lib/python3.12/site-packages/mesh-0.0.0-py3.12.egg-info
running install_scripts
writing list of installed files to '/home/dduboi/ros_ws/build/mesh/install.log'
