[1.871s] Invoking command in '/home/dduboi/ros_ws/src/central_control': DEBUGINFOD_URLS=https://debuginfod.ubuntu.com PYTHONPATH=/home/dduboi/ros_ws/build/central_control/prefix_override:/usr/lib/python3/dist-packages/colcon_core/task/python/colcon_distutils_commands:/home/dduboi/ros_ws/install/central_control/lib/python3.12/site-packages:${PYTHONPATH} /usr/bin/python3 -W ignore:setup.py install is deprecated -W ignore:easy_install command is deprecated setup.py egg_info --egg-base ../../build/central_control build --build-base /home/dduboi/ros_ws/build/central_control/build install --record /home/dduboi/ros_ws/build/central_control/install.log --single-version-externally-managed install_data
[2.207s] running egg_info
[2.232s] writing ../../build/central_control/central_control.egg-info/PKG-INFO
[2.233s] writing dependency_links to ../../build/central_control/central_control.egg-info/dependency_links.txt
[2.235s] writing entry points to ../../build/central_control/central_control.egg-info/entry_points.txt
[2.235s] writing requirements to ../../build/central_control/central_control.egg-info/requires.txt
[2.236s] writing top-level names to ../../build/central_control/central_control.egg-info/top_level.txt
[2.290s] reading manifest file '../../build/central_control/central_control.egg-info/SOURCES.txt'
[2.291s] writing manifest file '../../build/central_control/central_control.egg-info/SOURCES.txt'
[2.292s] running build
[2.293s] running build_py
[2.294s] running install
[2.300s] running install_lib
[2.337s] running install_data
[2.337s] running install_egg_info
[2.368s] removing '/home/dduboi/ros_ws/install/central_control/lib/python3.12/site-packages/central_control-0.0.0-py3.12.egg-info' (and everything under it)
[2.369s] Copying ../../build/central_control/central_control.egg-info to /home/dduboi/ros_ws/install/central_control/lib/python3.12/site-packages/central_control-0.0.0-py3.12.egg-info
[2.369s] running install_scripts
[2.535s] Installing central_node script to /home/dduboi/ros_ws/install/central_control/lib/central_control
[2.536s] writing list of installed files to '/home/dduboi/ros_ws/build/central_control/install.log'
[2.624s] Invoked command in '/home/dduboi/ros_ws/src/central_control' returned '0': DEBUGINFOD_URLS=https://debuginfod.ubuntu.com PYTHONPATH=/home/dduboi/ros_ws/build/central_control/prefix_override:/usr/lib/python3/dist-packages/colcon_core/task/python/colcon_distutils_commands:/home/dduboi/ros_ws/install/central_control/lib/python3.12/site-packages:${PYTHONPATH} /usr/bin/python3 -W ignore:setup.py install is deprecated -W ignore:easy_install command is deprecated setup.py egg_info --egg-base ../../build/central_control build --build-base /home/dduboi/ros_ws/build/central_control/build install --record /home/dduboi/ros_ws/build/central_control/install.log --single-version-externally-managed install_data
