[1.865s] Invoking command in '/home/dduboi/ros_ws/src/robot_arm': DEBUGINFOD_URLS=https://debuginfod.ubuntu.com PYTHONPATH=/home/dduboi/ros_ws/src/build/robot_arm/prefix_override:/usr/lib/python3/dist-packages/colcon_core/task/python/colcon_distutils_commands:/home/dduboi/ros_ws/src/install/robot_arm/lib/python3.12/site-packages:${PYTHONPATH} /usr/bin/python3 -W ignore:setup.py install is deprecated -W ignore:easy_install command is deprecated setup.py egg_info --egg-base ../build/robot_arm build --build-base /home/dduboi/ros_ws/src/build/robot_arm/build install --record /home/dduboi/ros_ws/src/build/robot_arm/install.log --single-version-externally-managed install_data
[2.210s] running egg_info
[2.210s] creating ../build/robot_arm/robot_arm.egg-info
[2.239s] writing ../build/robot_arm/robot_arm.egg-info/PKG-INFO
[2.239s] writing dependency_links to ../build/robot_arm/robot_arm.egg-info/dependency_links.txt
[2.240s] writing entry points to ../build/robot_arm/robot_arm.egg-info/entry_points.txt
[2.241s] writing requirements to ../build/robot_arm/robot_arm.egg-info/requires.txt
[2.241s] writing top-level names to ../build/robot_arm/robot_arm.egg-info/top_level.txt
[2.241s] writing manifest file '../build/robot_arm/robot_arm.egg-info/SOURCES.txt'
[2.292s] reading manifest file '../build/robot_arm/robot_arm.egg-info/SOURCES.txt'
[2.293s] writing manifest file '../build/robot_arm/robot_arm.egg-info/SOURCES.txt'
[2.295s] running build
[2.295s] running build_py
[2.296s] creating /home/dduboi/ros_ws/src/build/robot_arm/build
[2.298s] creating /home/dduboi/ros_ws/src/build/robot_arm/build/lib
[2.299s] creating /home/dduboi/ros_ws/src/build/robot_arm/build/lib/robot_arm
[2.300s] copying robot_arm/robot_node.py -> /home/dduboi/ros_ws/src/build/robot_arm/build/lib/robot_arm
[2.300s] copying robot_arm/robotic_arm_api.py -> /home/dduboi/ros_ws/src/build/robot_arm/build/lib/robot_arm
[2.300s] copying robot_arm/__init__.py -> /home/dduboi/ros_ws/src/build/robot_arm/build/lib/robot_arm
[2.300s] running install
[2.306s] running install_lib
[2.333s] creating /home/dduboi/ros_ws/src/install/robot_arm/lib/python3.12/site-packages/robot_arm
[2.333s] copying /home/dduboi/ros_ws/src/build/robot_arm/build/lib/robot_arm/robot_node.py -> /home/dduboi/ros_ws/src/install/robot_arm/lib/python3.12/site-packages/robot_arm
[2.333s] copying /home/dduboi/ros_ws/src/build/robot_arm/build/lib/robot_arm/robotic_arm_api.py -> /home/dduboi/ros_ws/src/install/robot_arm/lib/python3.12/site-packages/robot_arm
[2.333s] copying /home/dduboi/ros_ws/src/build/robot_arm/build/lib/robot_arm/__init__.py -> /home/dduboi/ros_ws/src/install/robot_arm/lib/python3.12/site-packages/robot_arm
[2.334s] byte-compiling /home/dduboi/ros_ws/src/install/robot_arm/lib/python3.12/site-packages/robot_arm/robot_node.py to robot_node.cpython-312.pyc
[2.334s] byte-compiling /home/dduboi/ros_ws/src/install/robot_arm/lib/python3.12/site-packages/robot_arm/robotic_arm_api.py to robotic_arm_api.cpython-312.pyc
[2.341s] byte-compiling /home/dduboi/ros_ws/src/install/robot_arm/lib/python3.12/site-packages/robot_arm/__init__.py to __init__.cpython-312.pyc
[2.342s] running install_data
[2.342s] creating /home/dduboi/ros_ws/src/install/robot_arm/share/ament_index
[2.342s] creating /home/dduboi/ros_ws/src/install/robot_arm/share/ament_index/resource_index
[2.342s] creating /home/dduboi/ros_ws/src/install/robot_arm/share/ament_index/resource_index/packages
[2.343s] copying resource/robot_arm -> /home/dduboi/ros_ws/src/install/robot_arm/share/ament_index/resource_index/packages
[2.344s] copying package.xml -> /home/dduboi/ros_ws/src/install/robot_arm/share/robot_arm
[2.344s] running install_egg_info
[2.372s] Copying ../build/robot_arm/robot_arm.egg-info to /home/dduboi/ros_ws/src/install/robot_arm/lib/python3.12/site-packages/robot_arm-0.0.0-py3.12.egg-info
[2.380s] running install_scripts
[2.541s] Installing robot_node script to /home/dduboi/ros_ws/src/install/robot_arm/lib/robot_arm
[2.542s] writing list of installed files to '/home/dduboi/ros_ws/src/build/robot_arm/install.log'
[2.588s] Invoked command in '/home/dduboi/ros_ws/src/robot_arm' returned '0': DEBUGINFOD_URLS=https://debuginfod.ubuntu.com PYTHONPATH=/home/dduboi/ros_ws/src/build/robot_arm/prefix_override:/usr/lib/python3/dist-packages/colcon_core/task/python/colcon_distutils_commands:/home/dduboi/ros_ws/src/install/robot_arm/lib/python3.12/site-packages:${PYTHONPATH} /usr/bin/python3 -W ignore:setup.py install is deprecated -W ignore:easy_install command is deprecated setup.py egg_info --egg-base ../build/robot_arm build --build-base /home/dduboi/ros_ws/src/build/robot_arm/build install --record /home/dduboi/ros_ws/src/build/robot_arm/install.log --single-version-externally-managed install_data
