[1.790s] Invoking command in '/home/dduboi/ros_ws/src/central_control': DEBUGINFOD_URLS=https://debuginfod.ubuntu.com PYTHONPATH=/home/dduboi/ros_ws/build/central_control/prefix_override:/usr/lib/python3/dist-packages/colcon_core/task/python/colcon_distutils_commands:/home/dduboi/ros_ws/install/central_control/lib/python3.12/site-packages:${PYTHONPATH} /usr/bin/python3 -W ignore:setup.py install is deprecated -W ignore:easy_install command is deprecated setup.py egg_info --egg-base ../../build/central_control build --build-base /home/dduboi/ros_ws/build/central_control/build install --record /home/dduboi/ros_ws/build/central_control/install.log --single-version-externally-managed install_data
[2.152s] running egg_info
[2.184s] writing ../../build/central_control/central_control.egg-info/PKG-INFO
[2.185s] writing dependency_links to ../../build/central_control/central_control.egg-info/dependency_links.txt
[2.186s] writing entry points to ../../build/central_control/central_control.egg-info/entry_points.txt
[2.187s] writing requirements to ../../build/central_control/central_control.egg-info/requires.txt
[2.187s] writing top-level names to ../../build/central_control/central_control.egg-info/top_level.txt
[2.246s] reading manifest file '../../build/central_control/central_control.egg-info/SOURCES.txt'
[2.248s] writing manifest file '../../build/central_control/central_control.egg-info/SOURCES.txt'
[2.249s] running build
[2.249s] running build_py
[2.250s] running install
[2.259s] running install_lib
[2.286s] running install_data
[2.286s] running install_egg_info
[2.316s] removing '/home/dduboi/ros_ws/install/central_control/lib/python3.12/site-packages/central_control-0.0.0-py3.12.egg-info' (and everything under it)
[2.317s] Copying ../../build/central_control/central_control.egg-info to /home/dduboi/ros_ws/install/central_control/lib/python3.12/site-packages/central_control-0.0.0-py3.12.egg-info
[2.319s] running install_scripts
[2.517s] Installing central_node script to /home/dduboi/ros_ws/install/central_control/lib/central_control
[2.517s] writing list of installed files to '/home/dduboi/ros_ws/build/central_control/install.log'
[2.699s] Invoked command in '/home/dduboi/ros_ws/src/central_control' returned '0': DEBUGINFOD_URLS=https://debuginfod.ubuntu.com PYTHONPATH=/home/dduboi/ros_ws/build/central_control/prefix_override:/usr/lib/python3/dist-packages/colcon_core/task/python/colcon_distutils_commands:/home/dduboi/ros_ws/install/central_control/lib/python3.12/site-packages:${PYTHONPATH} /usr/bin/python3 -W ignore:setup.py install is deprecated -W ignore:easy_install command is deprecated setup.py egg_info --egg-base ../../build/central_control build --build-base /home/dduboi/ros_ws/build/central_control/build install --record /home/dduboi/ros_ws/build/central_control/install.log --single-version-externally-managed install_data
