[1.794s] Invoking command in '/home/dduboi/ros_ws/src/robot_arm': DEBUGINFOD_URLS=https://debuginfod.ubuntu.com PYTHONPATH=/home/dduboi/ros_ws/build/robot_arm/prefix_override:/usr/lib/python3/dist-packages/colcon_core/task/python/colcon_distutils_commands:/home/dduboi/ros_ws/install/robot_arm/lib/python3.12/site-packages:${PYTHONPATH} /usr/bin/python3 -W ignore:setup.py install is deprecated -W ignore:easy_install command is deprecated setup.py egg_info --egg-base ../../build/robot_arm build --build-base /home/dduboi/ros_ws/build/robot_arm/build install --record /home/dduboi/ros_ws/build/robot_arm/install.log --single-version-externally-managed install_data
[2.135s] running egg_info
[2.161s] writing ../../build/robot_arm/robot_arm.egg-info/PKG-INFO
[2.164s] writing dependency_links to ../../build/robot_arm/robot_arm.egg-info/dependency_links.txt
[2.164s] writing entry points to ../../build/robot_arm/robot_arm.egg-info/entry_points.txt
[2.164s] writing requirements to ../../build/robot_arm/robot_arm.egg-info/requires.txt
[2.165s] writing top-level names to ../../build/robot_arm/robot_arm.egg-info/top_level.txt
[2.232s] reading manifest file '../../build/robot_arm/robot_arm.egg-info/SOURCES.txt'
[2.233s] writing manifest file '../../build/robot_arm/robot_arm.egg-info/SOURCES.txt'
[2.234s] running build
[2.234s] running build_py
[2.234s] running install
[2.246s] running install_lib
[2.270s] running install_data
[2.283s] running install_egg_info
[2.298s] removing '/home/dduboi/ros_ws/install/robot_arm/lib/python3.12/site-packages/robot_arm-0.0.0-py3.12.egg-info' (and everything under it)
[2.301s] Copying ../../build/robot_arm/robot_arm.egg-info to /home/dduboi/ros_ws/install/robot_arm/lib/python3.12/site-packages/robot_arm-0.0.0-py3.12.egg-info
[2.302s] running install_scripts
[2.491s] Installing robot_node script to /home/dduboi/ros_ws/install/robot_arm/lib/robot_arm
[2.491s] writing list of installed files to '/home/dduboi/ros_ws/build/robot_arm/install.log'
[2.751s] Invoked command in '/home/dduboi/ros_ws/src/robot_arm' returned '0': DEBUGINFOD_URLS=https://debuginfod.ubuntu.com PYTHONPATH=/home/dduboi/ros_ws/build/robot_arm/prefix_override:/usr/lib/python3/dist-packages/colcon_core/task/python/colcon_distutils_commands:/home/dduboi/ros_ws/install/robot_arm/lib/python3.12/site-packages:${PYTHONPATH} /usr/bin/python3 -W ignore:setup.py install is deprecated -W ignore:easy_install command is deprecated setup.py egg_info --egg-base ../../build/robot_arm build --build-base /home/dduboi/ros_ws/build/robot_arm/build install --record /home/dduboi/ros_ws/build/robot_arm/install.log --single-version-externally-managed install_data
