[2.692s] Invoking command in '/home/dduboi/ros_ws/src/user_interface': DEBUGINFOD_URLS=https://debuginfod.ubuntu.com PYTHONPATH=/home/dduboi/ros_ws/build/user_interface/prefix_override:/usr/lib/python3/dist-packages/colcon_core/task/python/colcon_distutils_commands:/home/dduboi/ros_ws/install/user_interface/lib/python3.12/site-packages:${PYTHONPATH} VIRTUAL_ENV_PROMPT=(venv) /usr/bin/python3 -W ignore:setup.py install is deprecated -W ignore:easy_install command is deprecated setup.py egg_info --egg-base ../../build/user_interface build --build-base /home/dduboi/ros_ws/build/user_interface/build install --record /home/dduboi/ros_ws/build/user_interface/install.log --single-version-externally-managed install_data
[3.070s] running egg_info
[3.138s] writing ../../build/user_interface/user_interface.egg-info/PKG-INFO
[3.150s] writing dependency_links to ../../build/user_interface/user_interface.egg-info/dependency_links.txt
[3.151s] writing entry points to ../../build/user_interface/user_interface.egg-info/entry_points.txt
[3.151s] writing requirements to ../../build/user_interface/user_interface.egg-info/requires.txt
[3.151s] writing top-level names to ../../build/user_interface/user_interface.egg-info/top_level.txt
[3.251s] reading manifest file '../../build/user_interface/user_interface.egg-info/SOURCES.txt'
[3.254s] writing manifest file '../../build/user_interface/user_interface.egg-info/SOURCES.txt'
[3.255s] running build
[3.255s] running build_py
[3.256s] running install
[3.266s] running install_lib
[3.352s] running install_data
[3.352s] running install_egg_info
[3.393s] removing '/home/dduboi/ros_ws/install/user_interface/lib/python3.12/site-packages/user_interface-0.0.0-py3.12.egg-info' (and everything under it)
[3.398s] Copying ../../build/user_interface/user_interface.egg-info to /home/dduboi/ros_ws/install/user_interface/lib/python3.12/site-packages/user_interface-0.0.0-py3.12.egg-info
[3.405s] running install_scripts
[3.626s] Installing ui_node script to /home/dduboi/ros_ws/install/user_interface/lib/user_interface
[3.628s] writing list of installed files to '/home/dduboi/ros_ws/build/user_interface/install.log'
[3.669s] Invoked command in '/home/dduboi/ros_ws/src/user_interface' returned '0': DEBUGINFOD_URLS=https://debuginfod.ubuntu.com PYTHONPATH=/home/dduboi/ros_ws/build/user_interface/prefix_override:/usr/lib/python3/dist-packages/colcon_core/task/python/colcon_distutils_commands:/home/dduboi/ros_ws/install/user_interface/lib/python3.12/site-packages:${PYTHONPATH} VIRTUAL_ENV_PROMPT=(venv) /usr/bin/python3 -W ignore:setup.py install is deprecated -W ignore:easy_install command is deprecated setup.py egg_info --egg-base ../../build/user_interface build --build-base /home/dduboi/ros_ws/build/user_interface/build install --record /home/dduboi/ros_ws/build/user_interface/install.log --single-version-externally-managed install_data
