[2.086s] Invoking command in '/home/dduboi/ros_ws/src/user_interface': DEBUGINFOD_URLS=https://debuginfod.ubuntu.com PYTHONPATH=/home/dduboi/ros_ws/build/user_interface/prefix_override:/usr/lib/python3/dist-packages/colcon_core/task/python/colcon_distutils_commands:/home/dduboi/ros_ws/install/user_interface/lib/python3.12/site-packages:${PYTHONPATH} /usr/bin/python3 -W ignore:setup.py install is deprecated -W ignore:easy_install command is deprecated setup.py egg_info --egg-base ../../build/user_interface build --build-base /home/dduboi/ros_ws/build/user_interface/build install --record /home/dduboi/ros_ws/build/user_interface/install.log --single-version-externally-managed install_data
[2.557s] running egg_info
[2.601s] writing ../../build/user_interface/user_interface.egg-info/PKG-INFO
[2.607s] writing dependency_links to ../../build/user_interface/user_interface.egg-info/dependency_links.txt
[2.607s] writing entry points to ../../build/user_interface/user_interface.egg-info/entry_points.txt
[2.607s] writing requirements to ../../build/user_interface/user_interface.egg-info/requires.txt
[2.608s] writing top-level names to ../../build/user_interface/user_interface.egg-info/top_level.txt
[2.671s] reading manifest file '../../build/user_interface/user_interface.egg-info/SOURCES.txt'
[2.672s] writing manifest file '../../build/user_interface/user_interface.egg-info/SOURCES.txt'
[2.676s] running build
[2.676s] running build_py
[2.678s] running install
[2.688s] running install_lib
[2.719s] running install_data
[2.720s] running install_egg_info
[2.750s] removing '/home/dduboi/ros_ws/install/user_interface/lib/python3.12/site-packages/user_interface-0.0.0-py3.12.egg-info' (and everything under it)
[2.756s] Copying ../../build/user_interface/user_interface.egg-info to /home/dduboi/ros_ws/install/user_interface/lib/python3.12/site-packages/user_interface-0.0.0-py3.12.egg-info
[2.756s] running install_scripts
[2.997s] Installing ui_node script to /home/dduboi/ros_ws/install/user_interface/lib/user_interface
[2.997s] writing list of installed files to '/home/dduboi/ros_ws/build/user_interface/install.log'
[3.052s] Invoked command in '/home/dduboi/ros_ws/src/user_interface' returned '0': DEBUGINFOD_URLS=https://debuginfod.ubuntu.com PYTHONPATH=/home/dduboi/ros_ws/build/user_interface/prefix_override:/usr/lib/python3/dist-packages/colcon_core/task/python/colcon_distutils_commands:/home/dduboi/ros_ws/install/user_interface/lib/python3.12/site-packages:${PYTHONPATH} /usr/bin/python3 -W ignore:setup.py install is deprecated -W ignore:easy_install command is deprecated setup.py egg_info --egg-base ../../build/user_interface build --build-base /home/dduboi/ros_ws/build/user_interface/build install --record /home/dduboi/ros_ws/build/user_interface/install.log --single-version-externally-managed install_data
