[1.773s] Invoking command in '/home/dduboi/ros_ws/src/capture': DEBUGINFOD_URLS=https://debuginfod.ubuntu.com PYTHONPATH=/home/dduboi/ros_ws/build/capture/prefix_override:/usr/lib/python3/dist-packages/colcon_core/task/python/colcon_distutils_commands:/home/dduboi/ros_ws/install/capture/lib/python3.12/site-packages:${PYTHONPATH} /usr/bin/python3 -W ignore:setup.py install is deprecated -W ignore:easy_install command is deprecated setup.py egg_info --egg-base ../../build/capture build --build-base /home/dduboi/ros_ws/build/capture/build install --record /home/dduboi/ros_ws/build/capture/install.log --single-version-externally-managed install_data
[2.146s] running egg_info
[2.176s] writing ../../build/capture/capture.egg-info/PKG-INFO
[2.178s] writing dependency_links to ../../build/capture/capture.egg-info/dependency_links.txt
[2.178s] writing entry points to ../../build/capture/capture.egg-info/entry_points.txt
[2.179s] writing requirements to ../../build/capture/capture.egg-info/requires.txt
[2.181s] writing top-level names to ../../build/capture/capture.egg-info/top_level.txt
[2.252s] reading manifest file '../../build/capture/capture.egg-info/SOURCES.txt'
[2.252s] writing manifest file '../../build/capture/capture.egg-info/SOURCES.txt'
[2.252s] running build
[2.253s] running build_py
[2.253s] running install
[2.262s] running install_lib
[2.286s] running install_data
[2.286s] running install_egg_info
[2.317s] removing '/home/dduboi/ros_ws/install/capture/lib/python3.12/site-packages/capture-0.0.0-py3.12.egg-info' (and everything under it)
[2.320s] Copying ../../build/capture/capture.egg-info to /home/dduboi/ros_ws/install/capture/lib/python3.12/site-packages/capture-0.0.0-py3.12.egg-info
[2.321s] running install_scripts
[2.492s] Installing capture_node script to /home/dduboi/ros_ws/install/capture/lib/capture
[2.492s] writing list of installed files to '/home/dduboi/ros_ws/build/capture/install.log'
[3.071s] Invoked command in '/home/dduboi/ros_ws/src/capture' returned '0': DEBUGINFOD_URLS=https://debuginfod.ubuntu.com PYTHONPATH=/home/dduboi/ros_ws/build/capture/prefix_override:/usr/lib/python3/dist-packages/colcon_core/task/python/colcon_distutils_commands:/home/dduboi/ros_ws/install/capture/lib/python3.12/site-packages:${PYTHONPATH} /usr/bin/python3 -W ignore:setup.py install is deprecated -W ignore:easy_install command is deprecated setup.py egg_info --egg-base ../../build/capture build --build-base /home/dduboi/ros_ws/build/capture/build install --record /home/dduboi/ros_ws/build/capture/install.log --single-version-externally-managed install_data
